2017-09-20 14:29:24.039 [main] INFO  com.manji.orService.OrServiceApplication - Starting OrServiceApplication on PC201606121433 with PID 13008 (C:\Users\Administrator\Desktop\orService\target\classes started by Administrator in C:\Users\Administrator\Desktop\orService)
2017-09-20 14:29:24.041 [main] INFO  com.manji.orService.OrServiceApplication - No active profile set, falling back to default profiles: default
2017-09-20 14:29:24.113 [main] INFO  o.s.b.c.e.AnnotationConfigEmbeddedWebApplicationContext - Refreshing org.springframework.boot.context.embedded.AnnotationConfigEmbeddedWebApplicationContext@6e6f2380: startup date [Wed Sep 20 14:29:24 CST 2017]; root of context hierarchy
2017-09-20 14:29:24.592 [background-preinit] INFO  org.hibernate.validator.internal.util.Version - HV000001: Hibernate Validator 5.3.5.Final
2017-09-20 14:29:26.761 [main] INFO  o.s.b.c.e.tomcat.TomcatEmbeddedServletContainer - Tomcat initialized with port(s): 8080 (http)
2017-09-20 14:29:26.775 [main] INFO  org.apache.catalina.core.StandardService - Starting service [Tomcat]
2017-09-20 14:29:26.776 [main] INFO  org.apache.catalina.core.StandardEngine - Starting Servlet Engine: Apache Tomcat/8.5.16
2017-09-20 14:29:26.913 [localhost-startStop-1] INFO  o.a.c.core.ContainerBase.[Tomcat].[localhost].[/] - Initializing Spring embedded WebApplicationContext
2017-09-20 14:29:26.914 [localhost-startStop-1] INFO  org.springframework.web.context.ContextLoader - Root WebApplicationContext: initialization completed in 2801 ms
2017-09-20 14:29:27.112 [localhost-startStop-1] INFO  o.s.boot.web.servlet.ServletRegistrationBean - Mapping servlet: 'dispatcherServlet' to [/]
2017-09-20 14:29:27.120 [localhost-startStop-1] INFO  o.s.boot.web.servlet.FilterRegistrationBean - Mapping filter: 'characterEncodingFilter' to: [/*]
2017-09-20 14:29:27.121 [localhost-startStop-1] INFO  o.s.boot.web.servlet.FilterRegistrationBean - Mapping filter: 'hiddenHttpMethodFilter' to: [/*]
2017-09-20 14:29:27.121 [localhost-startStop-1] INFO  o.s.boot.web.servlet.FilterRegistrationBean - Mapping filter: 'httpPutFormContentFilter' to: [/*]
2017-09-20 14:29:27.121 [localhost-startStop-1] INFO  o.s.boot.web.servlet.FilterRegistrationBean - Mapping filter: 'requestContextFilter' to: [/*]
2017-09-20 14:29:27.122 [localhost-startStop-1] INFO  o.s.boot.web.servlet.FilterRegistrationBean - Mapping filter: 'urlFilter' to urls: [/*]
2017-09-20 14:29:28.839 [main] INFO  o.s.w.s.m.m.a.RequestMappingHandlerAdapter - Looking for @ControllerAdvice: org.springframework.boot.context.embedded.AnnotationConfigEmbeddedWebApplicationContext@6e6f2380: startup date [Wed Sep 20 14:29:24 CST 2017]; root of context hierarchy
2017-09-20 14:29:28.911 [main] INFO  o.s.w.s.m.m.a.RequestMappingHandlerMapping - Mapped "{[/sheet/close]}" onto public java.lang.Object com.manji.orService.controller.SheetController.close(com.manji.orService.vo.JsonVo,org.springframework.validation.BindingResult)
2017-09-20 14:29:28.912 [main] INFO  o.s.w.s.m.m.a.RequestMappingHandlerMapping - Mapped "{[/sheet/reset]}" onto public java.lang.Object com.manji.orService.controller.SheetController.reset(com.manji.orService.vo.JsonVo,org.springframework.validation.BindingResult)
2017-09-20 14:29:28.913 [main] INFO  o.s.w.s.m.m.a.RequestMappingHandlerMapping - Mapped "{[/sheet/insertSheet]}" onto public java.lang.Object com.manji.orService.controller.SheetController.insertSheet(com.manji.orService.vo.JsonVo,org.springframework.validation.BindingResult)
2017-09-20 14:29:28.913 [main] INFO  o.s.w.s.m.m.a.RequestMappingHandlerMapping - Mapped "{[/sheet/countSheet]}" onto public java.lang.Object com.manji.orService.controller.SheetController.countSheet(com.manji.orService.vo.SheetDetailVo)
2017-09-20 14:29:28.914 [main] INFO  o.s.w.s.m.m.a.RequestMappingHandlerMapping - Mapped "{[/sheet/saveSubmitSheet]}" onto public java.lang.Object com.manji.orService.controller.SheetController.saveSubmitSheet(com.manji.orService.vo.JsonVo,org.springframework.validation.BindingResult)
2017-09-20 14:29:28.914 [main] INFO  o.s.w.s.m.m.a.RequestMappingHandlerMapping - Mapped "{[/sheet/selectSheet]}" onto public java.lang.Object com.manji.orService.controller.SheetController.selectSheet(com.manji.orService.vo.JsonVo,org.springframework.validation.BindingResult)
2017-09-20 14:29:28.914 [main] INFO  o.s.w.s.m.m.a.RequestMappingHandlerMapping - Mapped "{[/sheet/submitSheet]}" onto public java.lang.Object com.manji.orService.controller.SheetController.submitSheet(com.manji.orService.vo.JsonVo,org.springframework.validation.BindingResult)
2017-09-20 14:29:28.915 [main] INFO  o.s.w.s.m.m.a.RequestMappingHandlerMapping - Mapped "{[/sheet/delSheet]}" onto public java.lang.Object com.manji.orService.controller.SheetController.delSheet(com.manji.orService.vo.JsonVo,org.springframework.validation.BindingResult)
2017-09-20 14:29:28.915 [main] INFO  o.s.w.s.m.m.a.RequestMappingHandlerMapping - Mapped "{[/sheet/updateSheet]}" onto public java.lang.Object com.manji.orService.controller.SheetController.updateSheet(com.manji.orService.vo.JsonVo,org.springframework.validation.BindingResult)
2017-09-20 14:29:28.915 [main] INFO  o.s.w.s.m.m.a.RequestMappingHandlerMapping - Mapped "{[/sheet/remark]}" onto public java.lang.Object com.manji.orService.controller.SheetController.remark(com.manji.orService.vo.JsonVo,org.springframework.validation.BindingResult)
2017-09-20 14:29:28.916 [main] INFO  o.s.w.s.m.m.a.RequestMappingHandlerMapping - Mapped "{[/sheet/selInformations]}" onto public java.lang.Object com.manji.orService.controller.SheetController.selInformations(com.manji.orService.vo.UserVo,org.springframework.validation.BindingResult)
2017-09-20 14:29:28.916 [main] INFO  o.s.w.s.m.m.a.RequestMappingHandlerMapping - Mapped "{[/sheet/examine]}" onto public java.lang.Object com.manji.orService.controller.SheetController.examine(com.manji.orService.vo.JsonVo,org.springframework.validation.BindingResult)
2017-09-20 14:29:28.916 [main] INFO  o.s.w.s.m.m.a.RequestMappingHandlerMapping - Mapped "{[/sheet/journalRecord]}" onto public java.lang.Object com.manji.orService.controller.SheetController.journalRecord(com.manji.orService.vo.SheetDetailVo,org.springframework.validation.BindingResult)
2017-09-20 14:29:28.917 [main] INFO  o.s.w.s.m.m.a.RequestMappingHandlerMapping - Mapped "{[/sheet/finishedProcess]}" onto public java.lang.Object com.manji.orService.controller.SheetController.finishedProcess(com.manji.orService.vo.JsonVo,org.springframework.validation.BindingResult)
2017-09-20 14:29:28.917 [main] INFO  o.s.w.s.m.m.a.RequestMappingHandlerMapping - Mapped "{[/sheet/rejectSheet]}" onto public java.lang.Object com.manji.orService.controller.SheetController.rejectSheet(com.manji.orService.vo.JsonVo,org.springframework.validation.BindingResult)
2017-09-20 14:29:28.917 [main] INFO  o.s.w.s.m.m.a.RequestMappingHandlerMapping - Mapped "{[/sheet/saveAssign]}" onto public java.lang.Object com.manji.orService.controller.SheetController.saveAssign(com.manji.orService.vo.JsonVo,org.springframework.validation.BindingResult)
2017-09-20 14:29:28.918 [main] INFO  o.s.w.s.m.m.a.RequestMappingHandlerMapping - Mapped "{[/sheet/assign]}" onto public java.lang.Object com.manji.orService.controller.SheetController.assign(com.manji.orService.vo.JsonVo,org.springframework.validation.BindingResult)
2017-09-20 14:29:28.918 [main] INFO  o.s.w.s.m.m.a.RequestMappingHandlerMapping - Mapped "{[/sheet/sheetSelf]}" onto public java.lang.Object com.manji.orService.controller.SheetController.sheetSelf(com.manji.orService.vo.UserVo,org.springframework.validation.BindingResult)
2017-09-20 14:29:28.918 [main] INFO  o.s.w.s.m.m.a.RequestMappingHandlerMapping - Mapped "{[/sheet/recovery]}" onto public java.lang.Object com.manji.orService.controller.SheetController.recovery(com.manji.orService.vo.JsonVo,org.springframework.validation.BindingResult)
2017-09-20 14:29:28.919 [main] INFO  o.s.w.s.m.m.a.RequestMappingHandlerMapping - Mapped "{[/sheet/selectSheetDetails]}" onto public java.lang.Object com.manji.orService.controller.SheetController.selectSheetDetails(com.manji.orService.vo.SheetDetailVo,org.springframework.validation.BindingResult)
2017-09-20 14:29:28.919 [main] INFO  o.s.w.s.m.m.a.RequestMappingHandlerMapping - Mapped "{[/sheet/clearInformations]}" onto public java.lang.Object com.manji.orService.controller.SheetController.clearInformations(com.manji.orService.vo.UserVo,org.springframework.validation.BindingResult)
2017-09-20 14:29:28.921 [main] INFO  o.s.w.s.m.m.a.RequestMappingHandlerMapping - Mapped "{[/error]}" onto public org.springframework.http.ResponseEntity<java.util.Map<java.lang.String, java.lang.Object>> org.springframework.boot.autoconfigure.web.BasicErrorController.error(javax.servlet.http.HttpServletRequest)
2017-09-20 14:29:28.921 [main] INFO  o.s.w.s.m.m.a.RequestMappingHandlerMapping - Mapped "{[/error],produces=[text/html]}" onto public org.springframework.web.servlet.ModelAndView org.springframework.boot.autoconfigure.web.BasicErrorController.errorHtml(javax.servlet.http.HttpServletRequest,javax.servlet.http.HttpServletResponse)
2017-09-20 14:29:28.962 [main] INFO  o.s.web.servlet.handler.SimpleUrlHandlerMapping - Mapped URL path [/webjars/**] onto handler of type [class org.springframework.web.servlet.resource.ResourceHttpRequestHandler]
2017-09-20 14:29:28.963 [main] INFO  o.s.web.servlet.handler.SimpleUrlHandlerMapping - Mapped URL path [/**] onto handler of type [class org.springframework.web.servlet.resource.ResourceHttpRequestHandler]
2017-09-20 14:29:29.010 [main] INFO  o.s.web.servlet.handler.SimpleUrlHandlerMapping - Mapped URL path [/**/favicon.ico] onto handler of type [class org.springframework.web.servlet.resource.ResourceHttpRequestHandler]
2017-09-20 14:29:29.470 [main] INFO  o.s.jmx.export.annotation.AnnotationMBeanExporter - Registering beans for JMX exposure on startup
2017-09-20 14:29:29.498 [main] INFO  org.apache.coyote.http11.Http11NioProtocol - Initializing ProtocolHandler ["http-nio-8080"]
2017-09-20 14:29:29.539 [main] INFO  org.apache.coyote.http11.Http11NioProtocol - Starting ProtocolHandler ["http-nio-8080"]
2017-09-20 14:29:29.567 [main] INFO  org.apache.tomcat.util.net.NioSelectorPool - Using a shared selector for servlet write/read
2017-09-20 14:29:29.597 [main] INFO  o.s.b.c.e.tomcat.TomcatEmbeddedServletContainer - Tomcat started on port(s): 8080 (http)
2017-09-20 14:29:29.608 [main] INFO  com.manji.orService.OrServiceApplication - Started OrServiceApplication in 6.196 seconds (JVM running for 9.054)
2017-09-20 15:48:28.183 [main] INFO  com.manji.orService.OrServiceApplication - Starting OrServiceApplication on PC201606121433 with PID 3476 (C:\Users\Administrator\Desktop\orService\target\classes started by Administrator in C:\Users\Administrator\Desktop\orService)
2017-09-20 15:48:28.186 [main] INFO  com.manji.orService.OrServiceApplication - No active profile set, falling back to default profiles: default
2017-09-20 15:48:28.312 [main] INFO  o.s.b.c.e.AnnotationConfigEmbeddedWebApplicationContext - Refreshing org.springframework.boot.context.embedded.AnnotationConfigEmbeddedWebApplicationContext@6e6f2380: startup date [Wed Sep 20 15:48:28 CST 2017]; root of context hierarchy
2017-09-20 15:48:28.794 [background-preinit] INFO  org.hibernate.validator.internal.util.Version - HV000001: Hibernate Validator 5.3.5.Final
2017-09-20 15:48:30.522 [main] INFO  o.s.b.c.e.tomcat.TomcatEmbeddedServletContainer - Tomcat initialized with port(s): 8080 (http)
2017-09-20 15:48:30.552 [main] INFO  org.apache.catalina.core.StandardService - Starting service [Tomcat]
2017-09-20 15:48:30.553 [main] INFO  org.apache.catalina.core.StandardEngine - Starting Servlet Engine: Apache Tomcat/8.5.16
2017-09-20 15:48:30.631 [localhost-startStop-1] INFO  o.a.c.core.ContainerBase.[Tomcat].[localhost].[/] - Initializing Spring embedded WebApplicationContext
2017-09-20 15:48:30.632 [localhost-startStop-1] INFO  org.springframework.web.context.ContextLoader - Root WebApplicationContext: initialization completed in 2320 ms
2017-09-20 15:48:30.793 [localhost-startStop-1] INFO  o.s.boot.web.servlet.ServletRegistrationBean - Mapping servlet: 'dispatcherServlet' to [/]
2017-09-20 15:48:30.797 [localhost-startStop-1] INFO  o.s.boot.web.servlet.FilterRegistrationBean - Mapping filter: 'characterEncodingFilter' to: [/*]
2017-09-20 15:48:30.797 [localhost-startStop-1] INFO  o.s.boot.web.servlet.FilterRegistrationBean - Mapping filter: 'hiddenHttpMethodFilter' to: [/*]
2017-09-20 15:48:30.798 [localhost-startStop-1] INFO  o.s.boot.web.servlet.FilterRegistrationBean - Mapping filter: 'httpPutFormContentFilter' to: [/*]
2017-09-20 15:48:30.798 [localhost-startStop-1] INFO  o.s.boot.web.servlet.FilterRegistrationBean - Mapping filter: 'requestContextFilter' to: [/*]
2017-09-20 15:48:30.798 [localhost-startStop-1] INFO  o.s.boot.web.servlet.FilterRegistrationBean - Mapping filter: 'urlFilter' to urls: [/*]
2017-09-20 15:48:31.666 [main] INFO  o.s.w.s.m.m.a.RequestMappingHandlerAdapter - Looking for @ControllerAdvice: org.springframework.boot.context.embedded.AnnotationConfigEmbeddedWebApplicationContext@6e6f2380: startup date [Wed Sep 20 15:48:28 CST 2017]; root of context hierarchy
2017-09-20 15:48:31.727 [main] INFO  o.s.w.s.m.m.a.RequestMappingHandlerMapping - Mapped "{[/sheet/close]}" onto public java.lang.Object com.manji.orService.controller.SheetController.close(com.manji.orService.vo.JsonVo,org.springframework.validation.BindingResult)
2017-09-20 15:48:31.728 [main] INFO  o.s.w.s.m.m.a.RequestMappingHandlerMapping - Mapped "{[/sheet/reset]}" onto public java.lang.Object com.manji.orService.controller.SheetController.reset(com.manji.orService.vo.JsonVo,org.springframework.validation.BindingResult)
2017-09-20 15:48:31.728 [main] INFO  o.s.w.s.m.m.a.RequestMappingHandlerMapping - Mapped "{[/sheet/selectSheetDetails]}" onto public java.lang.Object com.manji.orService.controller.SheetController.selectSheetDetails(com.manji.orService.vo.SheetDetailVo,org.springframework.validation.BindingResult)
2017-09-20 15:48:31.728 [main] INFO  o.s.w.s.m.m.a.RequestMappingHandlerMapping - Mapped "{[/sheet/clearInformations]}" onto public java.lang.Object com.manji.orService.controller.SheetController.clearInformations(com.manji.orService.vo.UserVo,org.springframework.validation.BindingResult)
2017-09-20 15:48:31.729 [main] INFO  o.s.w.s.m.m.a.RequestMappingHandlerMapping - Mapped "{[/sheet/submitSheet]}" onto public java.lang.Object com.manji.orService.controller.SheetController.submitSheet(com.manji.orService.vo.JsonVo,org.springframework.validation.BindingResult)
2017-09-20 15:48:31.729 [main] INFO  o.s.w.s.m.m.a.RequestMappingHandlerMapping - Mapped "{[/sheet/delSheet]}" onto public java.lang.Object com.manji.orService.controller.SheetController.delSheet(com.manji.orService.vo.JsonVo,org.springframework.validation.BindingResult)
2017-09-20 15:48:31.729 [main] INFO  o.s.w.s.m.m.a.RequestMappingHandlerMapping - Mapped "{[/sheet/insertSheet]}" onto public java.lang.Object com.manji.orService.controller.SheetController.insertSheet(com.manji.orService.vo.JsonVo,org.springframework.validation.BindingResult)
2017-09-20 15:48:31.730 [main] INFO  o.s.w.s.m.m.a.RequestMappingHandlerMapping - Mapped "{[/sheet/updateSheet]}" onto public java.lang.Object com.manji.orService.controller.SheetController.updateSheet(com.manji.orService.vo.JsonVo,org.springframework.validation.BindingResult)
2017-09-20 15:48:31.730 [main] INFO  o.s.w.s.m.m.a.RequestMappingHandlerMapping - Mapped "{[/sheet/selectSheet]}" onto public java.lang.Object com.manji.orService.controller.SheetController.selectSheet(com.manji.orService.vo.JsonVo,org.springframework.validation.BindingResult)
2017-09-20 15:48:31.730 [main] INFO  o.s.w.s.m.m.a.RequestMappingHandlerMapping - Mapped "{[/sheet/selInformations]}" onto public java.lang.Object com.manji.orService.controller.SheetController.selInformations(com.manji.orService.vo.UserVo,org.springframework.validation.BindingResult)
2017-09-20 15:48:31.730 [main] INFO  o.s.w.s.m.m.a.RequestMappingHandlerMapping - Mapped "{[/sheet/remark]}" onto public java.lang.Object com.manji.orService.controller.SheetController.remark(com.manji.orService.vo.JsonVo,org.springframework.validation.BindingResult)
2017-09-20 15:48:31.731 [main] INFO  o.s.w.s.m.m.a.RequestMappingHandlerMapping - Mapped "{[/sheet/recovery]}" onto public java.lang.Object com.manji.orService.controller.SheetController.recovery(com.manji.orService.vo.JsonVo,org.springframework.validation.BindingResult)
2017-09-20 15:48:31.731 [main] INFO  o.s.w.s.m.m.a.RequestMappingHandlerMapping - Mapped "{[/sheet/saveSubmitSheet]}" onto public java.lang.Object com.manji.orService.controller.SheetController.saveSubmitSheet(com.manji.orService.vo.JsonVo,org.springframework.validation.BindingResult)
2017-09-20 15:48:31.731 [main] INFO  o.s.w.s.m.m.a.RequestMappingHandlerMapping - Mapped "{[/sheet/finishedProcess]}" onto public java.lang.Object com.manji.orService.controller.SheetController.finishedProcess(com.manji.orService.vo.JsonVo,org.springframework.validation.BindingResult)
2017-09-20 15:48:31.732 [main] INFO  o.s.w.s.m.m.a.RequestMappingHandlerMapping - Mapped "{[/sheet/saveAssign]}" onto public java.lang.Object com.manji.orService.controller.SheetController.saveAssign(com.manji.orService.vo.JsonVo,org.springframework.validation.BindingResult)
2017-09-20 15:48:31.732 [main] INFO  o.s.w.s.m.m.a.RequestMappingHandlerMapping - Mapped "{[/sheet/sheetSelf]}" onto public java.lang.Object com.manji.orService.controller.SheetController.sheetSelf(com.manji.orService.vo.UserVo,org.springframework.validation.BindingResult)
2017-09-20 15:48:31.732 [main] INFO  o.s.w.s.m.m.a.RequestMappingHandlerMapping - Mapped "{[/sheet/rejectSheet]}" onto public java.lang.Object com.manji.orService.controller.SheetController.rejectSheet(com.manji.orService.vo.JsonVo,org.springframework.validation.BindingResult)
2017-09-20 15:48:31.733 [main] INFO  o.s.w.s.m.m.a.RequestMappingHandlerMapping - Mapped "{[/sheet/journalRecord]}" onto public java.lang.Object com.manji.orService.controller.SheetController.journalRecord(com.manji.orService.vo.SheetDetailVo,org.springframework.validation.BindingResult)
2017-09-20 15:48:31.733 [main] INFO  o.s.w.s.m.m.a.RequestMappingHandlerMapping - Mapped "{[/sheet/examine]}" onto public java.lang.Object com.manji.orService.controller.SheetController.examine(com.manji.orService.vo.JsonVo,org.springframework.validation.BindingResult)
2017-09-20 15:48:31.733 [main] INFO  o.s.w.s.m.m.a.RequestMappingHandlerMapping - Mapped "{[/sheet/countSheet]}" onto public java.lang.Object com.manji.orService.controller.SheetController.countSheet(com.manji.orService.vo.SheetDetailVo)
2017-09-20 15:48:31.734 [main] INFO  o.s.w.s.m.m.a.RequestMappingHandlerMapping - Mapped "{[/sheet/assign]}" onto public java.lang.Object com.manji.orService.controller.SheetController.assign(com.manji.orService.vo.JsonVo,org.springframework.validation.BindingResult)
2017-09-20 15:48:31.735 [main] INFO  o.s.w.s.m.m.a.RequestMappingHandlerMapping - Mapped "{[/error]}" onto public org.springframework.http.ResponseEntity<java.util.Map<java.lang.String, java.lang.Object>> org.springframework.boot.autoconfigure.web.BasicErrorController.error(javax.servlet.http.HttpServletRequest)
2017-09-20 15:48:31.735 [main] INFO  o.s.w.s.m.m.a.RequestMappingHandlerMapping - Mapped "{[/error],produces=[text/html]}" onto public org.springframework.web.servlet.ModelAndView org.springframework.boot.autoconfigure.web.BasicErrorController.errorHtml(javax.servlet.http.HttpServletRequest,javax.servlet.http.HttpServletResponse)
2017-09-20 15:48:31.775 [main] INFO  o.s.web.servlet.handler.SimpleUrlHandlerMapping - Mapped URL path [/webjars/**] onto handler of type [class org.springframework.web.servlet.resource.ResourceHttpRequestHandler]
2017-09-20 15:48:31.775 [main] INFO  o.s.web.servlet.handler.SimpleUrlHandlerMapping - Mapped URL path [/**] onto handler of type [class org.springframework.web.servlet.resource.ResourceHttpRequestHandler]
2017-09-20 15:48:31.812 [main] INFO  o.s.web.servlet.handler.SimpleUrlHandlerMapping - Mapped URL path [/**/favicon.ico] onto handler of type [class org.springframework.web.servlet.resource.ResourceHttpRequestHandler]
2017-09-20 15:48:32.145 [main] INFO  o.s.jmx.export.annotation.AnnotationMBeanExporter - Registering beans for JMX exposure on startup
2017-09-20 15:48:32.158 [main] INFO  org.apache.coyote.http11.Http11NioProtocol - Initializing ProtocolHandler ["http-nio-8080"]
2017-09-20 15:48:32.166 [main] INFO  org.apache.coyote.http11.Http11NioProtocol - Starting ProtocolHandler ["http-nio-8080"]
2017-09-20 15:48:32.191 [main] INFO  org.apache.tomcat.util.net.NioSelectorPool - Using a shared selector for servlet write/read
2017-09-20 15:48:32.207 [main] INFO  o.s.b.c.e.tomcat.TomcatEmbeddedServletContainer - Tomcat started on port(s): 8080 (http)
2017-09-20 15:48:32.211 [main] INFO  com.manji.orService.OrServiceApplication - Started OrServiceApplication in 4.443 seconds (JVM running for 5.481)
2017-09-20 16:52:50.713 [main] INFO  com.manji.orService.OrServiceApplication - Starting OrServiceApplication on PC201606121433 with PID 5980 (C:\Users\Administrator\Desktop\orService\target\classes started by Administrator in C:\Users\Administrator\Desktop\orService)
2017-09-20 16:52:50.724 [main] INFO  com.manji.orService.OrServiceApplication - No active profile set, falling back to default profiles: default
2017-09-20 16:52:50.876 [main] INFO  o.s.b.c.e.AnnotationConfigEmbeddedWebApplicationContext - Refreshing org.springframework.boot.context.embedded.AnnotationConfigEmbeddedWebApplicationContext@6e6f2380: startup date [Wed Sep 20 16:52:50 CST 2017]; root of context hierarchy
2017-09-20 16:52:51.557 [background-preinit] INFO  org.hibernate.validator.internal.util.Version - HV000001: Hibernate Validator 5.3.5.Final
2017-09-20 16:52:53.446 [main] INFO  o.s.b.c.e.tomcat.TomcatEmbeddedServletContainer - Tomcat initialized with port(s): 8080 (http)
2017-09-20 16:52:53.469 [main] INFO  org.apache.catalina.core.StandardService - Starting service [Tomcat]
2017-09-20 16:52:53.470 [main] INFO  org.apache.catalina.core.StandardEngine - Starting Servlet Engine: Apache Tomcat/8.5.16
2017-09-20 16:52:53.572 [localhost-startStop-1] INFO  o.a.c.core.ContainerBase.[Tomcat].[localhost].[/] - Initializing Spring embedded WebApplicationContext
2017-09-20 16:52:53.573 [localhost-startStop-1] INFO  org.springframework.web.context.ContextLoader - Root WebApplicationContext: initialization completed in 2697 ms
2017-09-20 16:52:53.766 [localhost-startStop-1] INFO  o.s.boot.web.servlet.ServletRegistrationBean - Mapping servlet: 'dispatcherServlet' to [/]
2017-09-20 16:52:53.770 [localhost-startStop-1] INFO  o.s.boot.web.servlet.FilterRegistrationBean - Mapping filter: 'characterEncodingFilter' to: [/*]
2017-09-20 16:52:53.770 [localhost-startStop-1] INFO  o.s.boot.web.servlet.FilterRegistrationBean - Mapping filter: 'hiddenHttpMethodFilter' to: [/*]
2017-09-20 16:52:53.770 [localhost-startStop-1] INFO  o.s.boot.web.servlet.FilterRegistrationBean - Mapping filter: 'httpPutFormContentFilter' to: [/*]
2017-09-20 16:52:53.770 [localhost-startStop-1] INFO  o.s.boot.web.servlet.FilterRegistrationBean - Mapping filter: 'requestContextFilter' to: [/*]
2017-09-20 16:52:53.771 [localhost-startStop-1] INFO  o.s.boot.web.servlet.FilterRegistrationBean - Mapping filter: 'urlFilter' to urls: [/*]
2017-09-20 16:52:54.827 [main] INFO  o.s.w.s.m.m.a.RequestMappingHandlerAdapter - Looking for @ControllerAdvice: org.springframework.boot.context.embedded.AnnotationConfigEmbeddedWebApplicationContext@6e6f2380: startup date [Wed Sep 20 16:52:50 CST 2017]; root of context hierarchy
2017-09-20 16:52:54.884 [main] INFO  o.s.w.s.m.m.a.RequestMappingHandlerMapping - Mapped "{[/sheet/close]}" onto public java.lang.Object com.manji.orService.controller.SheetController.close(com.manji.orService.vo.JsonVo,org.springframework.validation.BindingResult)
2017-09-20 16:52:54.885 [main] INFO  o.s.w.s.m.m.a.RequestMappingHandlerMapping - Mapped "{[/sheet/reset]}" onto public java.lang.Object com.manji.orService.controller.SheetController.reset(com.manji.orService.vo.JsonVo,org.springframework.validation.BindingResult)
2017-09-20 16:52:54.885 [main] INFO  o.s.w.s.m.m.a.RequestMappingHandlerMapping - Mapped "{[/sheet/clearInformations]}" onto public java.lang.Object com.manji.orService.controller.SheetController.clearInformations(com.manji.orService.vo.UserVo,org.springframework.validation.BindingResult)
2017-09-20 16:52:54.886 [main] INFO  o.s.w.s.m.m.a.RequestMappingHandlerMapping - Mapped "{[/sheet/selectSheetDetails]}" onto public java.lang.Object com.manji.orService.controller.SheetController.selectSheetDetails(com.manji.orService.vo.SheetDetailVo,org.springframework.validation.BindingResult)
2017-09-20 16:52:54.886 [main] INFO  o.s.w.s.m.m.a.RequestMappingHandlerMapping - Mapped "{[/sheet/delSheet]}" onto public java.lang.Object com.manji.orService.controller.SheetController.delSheet(com.manji.orService.vo.JsonVo,org.springframework.validation.BindingResult)
2017-09-20 16:52:54.886 [main] INFO  o.s.w.s.m.m.a.RequestMappingHandlerMapping - Mapped "{[/sheet/insertSheet]}" onto public java.lang.Object com.manji.orService.controller.SheetController.insertSheet(com.manji.orService.vo.JsonVo,org.springframework.validation.BindingResult)
2017-09-20 16:52:54.887 [main] INFO  o.s.w.s.m.m.a.RequestMappingHandlerMapping - Mapped "{[/sheet/updateSheet]}" onto public java.lang.Object com.manji.orService.controller.SheetController.updateSheet(com.manji.orService.vo.JsonVo,org.springframework.validation.BindingResult)
2017-09-20 16:52:54.887 [main] INFO  o.s.w.s.m.m.a.RequestMappingHandlerMapping - Mapped "{[/sheet/selectSheet]}" onto public java.lang.Object com.manji.orService.controller.SheetController.selectSheet(com.manji.orService.vo.JsonVo,org.springframework.validation.BindingResult)
2017-09-20 16:52:54.887 [main] INFO  o.s.w.s.m.m.a.RequestMappingHandlerMapping - Mapped "{[/sheet/assign]}" onto public java.lang.Object com.manji.orService.controller.SheetController.assign(com.manji.orService.vo.JsonVo,org.springframework.validation.BindingResult)
2017-09-20 16:52:54.888 [main] INFO  o.s.w.s.m.m.a.RequestMappingHandlerMapping - Mapped "{[/sheet/journalRecord]}" onto public java.lang.Object com.manji.orService.controller.SheetController.journalRecord(com.manji.orService.vo.SheetDetailVo,org.springframework.validation.BindingResult)
2017-09-20 16:52:54.888 [main] INFO  o.s.w.s.m.m.a.RequestMappingHandlerMapping - Mapped "{[/sheet/saveAssign]}" onto public java.lang.Object com.manji.orService.controller.SheetController.saveAssign(com.manji.orService.vo.JsonVo,org.springframework.validation.BindingResult)
2017-09-20 16:52:54.888 [main] INFO  o.s.w.s.m.m.a.RequestMappingHandlerMapping - Mapped "{[/sheet/examine]}" onto public java.lang.Object com.manji.orService.controller.SheetController.examine(com.manji.orService.vo.JsonVo,org.springframework.validation.BindingResult)
2017-09-20 16:52:54.888 [main] INFO  o.s.w.s.m.m.a.RequestMappingHandlerMapping - Mapped "{[/sheet/sheetSelf]}" onto public java.lang.Object com.manji.orService.controller.SheetController.sheetSelf(com.manji.orService.vo.UserVo,org.springframework.validation.BindingResult)
2017-09-20 16:52:54.889 [main] INFO  o.s.w.s.m.m.a.RequestMappingHandlerMapping - Mapped "{[/sheet/submitSheet]}" onto public java.lang.Object com.manji.orService.controller.SheetController.submitSheet(com.manji.orService.vo.JsonVo,org.springframework.validation.BindingResult)
2017-09-20 16:52:54.889 [main] INFO  o.s.w.s.m.m.a.RequestMappingHandlerMapping - Mapped "{[/sheet/recovery]}" onto public java.lang.Object com.manji.orService.controller.SheetController.recovery(com.manji.orService.vo.JsonVo,org.springframework.validation.BindingResult)
2017-09-20 16:52:54.889 [main] INFO  o.s.w.s.m.m.a.RequestMappingHandlerMapping - Mapped "{[/sheet/countSheet]}" onto public java.lang.Object com.manji.orService.controller.SheetController.countSheet(com.manji.orService.vo.SheetDetailVo)
2017-09-20 16:52:54.890 [main] INFO  o.s.w.s.m.m.a.RequestMappingHandlerMapping - Mapped "{[/sheet/remark]}" onto public java.lang.Object com.manji.orService.controller.SheetController.remark(com.manji.orService.vo.JsonVo,org.springframework.validation.BindingResult)
2017-09-20 16:52:54.890 [main] INFO  o.s.w.s.m.m.a.RequestMappingHandlerMapping - Mapped "{[/sheet/saveSubmitSheet]}" onto public java.lang.Object com.manji.orService.controller.SheetController.saveSubmitSheet(com.manji.orService.vo.JsonVo,org.springframework.validation.BindingResult)
2017-09-20 16:52:54.890 [main] INFO  o.s.w.s.m.m.a.RequestMappingHandlerMapping - Mapped "{[/sheet/selInformations]}" onto public java.lang.Object com.manji.orService.controller.SheetController.selInformations(com.manji.orService.vo.UserVo,org.springframework.validation.BindingResult)
2017-09-20 16:52:54.891 [main] INFO  o.s.w.s.m.m.a.RequestMappingHandlerMapping - Mapped "{[/sheet/finishedProcess]}" onto public java.lang.Object com.manji.orService.controller.SheetController.finishedProcess(com.manji.orService.vo.JsonVo,org.springframework.validation.BindingResult)
2017-09-20 16:52:54.891 [main] INFO  o.s.w.s.m.m.a.RequestMappingHandlerMapping - Mapped "{[/sheet/rejectSheet]}" onto public java.lang.Object com.manji.orService.controller.SheetController.rejectSheet(com.manji.orService.vo.JsonVo,org.springframework.validation.BindingResult)
2017-09-20 16:52:54.892 [main] INFO  o.s.w.s.m.m.a.RequestMappingHandlerMapping - Mapped "{[/error]}" onto public org.springframework.http.ResponseEntity<java.util.Map<java.lang.String, java.lang.Object>> org.springframework.boot.autoconfigure.web.BasicErrorController.error(javax.servlet.http.HttpServletRequest)
2017-09-20 16:52:54.893 [main] INFO  o.s.w.s.m.m.a.RequestMappingHandlerMapping - Mapped "{[/error],produces=[text/html]}" onto public org.springframework.web.servlet.ModelAndView org.springframework.boot.autoconfigure.web.BasicErrorController.errorHtml(javax.servlet.http.HttpServletRequest,javax.servlet.http.HttpServletResponse)
2017-09-20 16:52:54.929 [main] INFO  o.s.web.servlet.handler.SimpleUrlHandlerMapping - Mapped URL path [/webjars/**] onto handler of type [class org.springframework.web.servlet.resource.ResourceHttpRequestHandler]
2017-09-20 16:52:54.929 [main] INFO  o.s.web.servlet.handler.SimpleUrlHandlerMapping - Mapped URL path [/**] onto handler of type [class org.springframework.web.servlet.resource.ResourceHttpRequestHandler]
2017-09-20 16:52:54.965 [main] INFO  o.s.web.servlet.handler.SimpleUrlHandlerMapping - Mapped URL path [/**/favicon.ico] onto handler of type [class org.springframework.web.servlet.resource.ResourceHttpRequestHandler]
2017-09-20 16:52:55.464 [main] INFO  o.s.jmx.export.annotation.AnnotationMBeanExporter - Registering beans for JMX exposure on startup
2017-09-20 16:52:55.492 [main] INFO  org.apache.coyote.http11.Http11NioProtocol - Initializing ProtocolHandler ["http-nio-8080"]
2017-09-20 16:52:55.515 [main] INFO  org.apache.coyote.http11.Http11NioProtocol - Starting ProtocolHandler ["http-nio-8080"]
2017-09-20 16:52:55.543 [main] INFO  org.apache.tomcat.util.net.NioSelectorPool - Using a shared selector for servlet write/read
2017-09-20 16:52:55.561 [main] INFO  o.s.b.c.e.tomcat.TomcatEmbeddedServletContainer - Tomcat started on port(s): 8080 (http)
2017-09-20 16:52:55.573 [main] INFO  com.manji.orService.OrServiceApplication - Started OrServiceApplication in 5.418 seconds (JVM running for 7.443)
2017-09-20 17:10:16.625 [main] INFO  com.manji.orService.OrServiceApplication - Starting OrServiceApplication on PC201606121433 with PID 4520 (started by Administrator in C:\Users\Administrator\Desktop\满集项目\orService)
2017-09-20 17:10:16.628 [main] INFO  com.manji.orService.OrServiceApplication - No active profile set, falling back to default profiles: default
2017-09-20 17:10:16.725 [main] INFO  o.s.b.c.e.AnnotationConfigEmbeddedWebApplicationContext - Refreshing org.springframework.boot.context.embedded.AnnotationConfigEmbeddedWebApplicationContext@6e6f2380: startup date [Wed Sep 20 17:10:16 CST 2017]; root of context hierarchy
2017-09-20 17:10:16.903 [background-preinit] INFO  org.hibernate.validator.internal.util.Version - HV000001: Hibernate Validator 5.3.5.Final
2017-09-20 17:10:19.358 [main] INFO  o.s.b.c.e.tomcat.TomcatEmbeddedServletContainer - Tomcat initialized with port(s): 8080 (http)
2017-09-20 17:10:19.372 [main] INFO  org.apache.catalina.core.StandardService - Starting service [Tomcat]
2017-09-20 17:10:19.373 [main] INFO  org.apache.catalina.core.StandardEngine - Starting Servlet Engine: Apache Tomcat/8.5.16
2017-09-20 17:10:19.465 [localhost-startStop-1] INFO  o.a.c.core.ContainerBase.[Tomcat].[localhost].[/] - Initializing Spring embedded WebApplicationContext
2017-09-20 17:10:19.468 [localhost-startStop-1] INFO  org.springframework.web.context.ContextLoader - Root WebApplicationContext: initialization completed in 2743 ms
2017-09-20 17:10:19.656 [localhost-startStop-1] INFO  o.s.boot.web.servlet.ServletRegistrationBean - Mapping servlet: 'dispatcherServlet' to [/]
2017-09-20 17:10:19.661 [localhost-startStop-1] INFO  o.s.boot.web.servlet.FilterRegistrationBean - Mapping filter: 'characterEncodingFilter' to: [/*]
2017-09-20 17:10:19.661 [localhost-startStop-1] INFO  o.s.boot.web.servlet.FilterRegistrationBean - Mapping filter: 'hiddenHttpMethodFilter' to: [/*]
2017-09-20 17:10:19.665 [localhost-startStop-1] INFO  o.s.boot.web.servlet.FilterRegistrationBean - Mapping filter: 'httpPutFormContentFilter' to: [/*]
2017-09-20 17:10:19.665 [localhost-startStop-1] INFO  o.s.boot.web.servlet.FilterRegistrationBean - Mapping filter: 'requestContextFilter' to: [/*]
2017-09-20 17:10:19.666 [localhost-startStop-1] INFO  o.s.boot.web.servlet.FilterRegistrationBean - Mapping filter: 'urlFilter' to urls: [/*]
2017-09-20 17:10:21.200 [main] INFO  o.s.w.s.m.m.a.RequestMappingHandlerAdapter - Looking for @ControllerAdvice: org.springframework.boot.context.embedded.AnnotationConfigEmbeddedWebApplicationContext@6e6f2380: startup date [Wed Sep 20 17:10:16 CST 2017]; root of context hierarchy
2017-09-20 17:10:21.298 [main] INFO  o.s.w.s.m.m.a.RequestMappingHandlerMapping - Mapped "{[/sheet/close]}" onto public java.lang.Object com.manji.orService.controller.SheetController.close(com.manji.orService.vo.JsonVo,org.springframework.validation.BindingResult)
2017-09-20 17:10:21.299 [main] INFO  o.s.w.s.m.m.a.RequestMappingHandlerMapping - Mapped "{[/sheet/reset]}" onto public java.lang.Object com.manji.orService.controller.SheetController.reset(com.manji.orService.vo.JsonVo,org.springframework.validation.BindingResult)
2017-09-20 17:10:21.299 [main] INFO  o.s.w.s.m.m.a.RequestMappingHandlerMapping - Mapped "{[/sheet/updateSheet]}" onto public java.lang.Object com.manji.orService.controller.SheetController.updateSheet(com.manji.orService.vo.JsonVo,org.springframework.validation.BindingResult)
2017-09-20 17:10:21.300 [main] INFO  o.s.w.s.m.m.a.RequestMappingHandlerMapping - Mapped "{[/sheet/insertSheet]}" onto public java.lang.Object com.manji.orService.controller.SheetController.insertSheet(com.manji.orService.vo.JsonVo,org.springframework.validation.BindingResult)
2017-09-20 17:10:21.304 [main] INFO  o.s.w.s.m.m.a.RequestMappingHandlerMapping - Mapped "{[/sheet/selectSheet]}" onto public java.lang.Object com.manji.orService.controller.SheetController.selectSheet(com.manji.orService.vo.JsonVo,org.springframework.validation.BindingResult)
2017-09-20 17:10:21.304 [main] INFO  o.s.w.s.m.m.a.RequestMappingHandlerMapping - Mapped "{[/sheet/submitSheet]}" onto public java.lang.Object com.manji.orService.controller.SheetController.submitSheet(com.manji.orService.vo.JsonVo,org.springframework.validation.BindingResult)
2017-09-20 17:10:21.304 [main] INFO  o.s.w.s.m.m.a.RequestMappingHandlerMapping - Mapped "{[/sheet/saveSubmitSheet]}" onto public java.lang.Object com.manji.orService.controller.SheetController.saveSubmitSheet(com.manji.orService.vo.JsonVo,org.springframework.validation.BindingResult)
2017-09-20 17:10:21.304 [main] INFO  o.s.w.s.m.m.a.RequestMappingHandlerMapping - Mapped "{[/sheet/selInformations]}" onto public java.lang.Object com.manji.orService.controller.SheetController.selInformations(com.manji.orService.vo.UserVo,org.springframework.validation.BindingResult)
2017-09-20 17:10:21.308 [main] INFO  o.s.w.s.m.m.a.RequestMappingHandlerMapping - Mapped "{[/sheet/sheetSelf]}" onto public java.lang.Object com.manji.orService.controller.SheetController.sheetSelf(com.manji.orService.vo.UserVo,org.springframework.validation.BindingResult)
2017-09-20 17:10:21.308 [main] INFO  o.s.w.s.m.m.a.RequestMappingHandlerMapping - Mapped "{[/sheet/assign]}" onto public java.lang.Object com.manji.orService.controller.SheetController.assign(com.manji.orService.vo.JsonVo,org.springframework.validation.BindingResult)
2017-09-20 17:10:21.309 [main] INFO  o.s.w.s.m.m.a.RequestMappingHandlerMapping - Mapped "{[/sheet/examine]}" onto public java.lang.Object com.manji.orService.controller.SheetController.examine(com.manji.orService.vo.JsonVo,org.springframework.validation.BindingResult)
2017-09-20 17:10:21.309 [main] INFO  o.s.w.s.m.m.a.RequestMappingHandlerMapping - Mapped "{[/sheet/finishedProcess]}" onto public java.lang.Object com.manji.orService.controller.SheetController.finishedProcess(com.manji.orService.vo.JsonVo,org.springframework.validation.BindingResult)
2017-09-20 17:10:21.309 [main] INFO  o.s.w.s.m.m.a.RequestMappingHandlerMapping - Mapped "{[/sheet/delSheet]}" onto public java.lang.Object com.manji.orService.controller.SheetController.delSheet(com.manji.orService.vo.JsonVo,org.springframework.validation.BindingResult)
2017-09-20 17:10:21.310 [main] INFO  o.s.w.s.m.m.a.RequestMappingHandlerMapping - Mapped "{[/sheet/remark]}" onto public java.lang.Object com.manji.orService.controller.SheetController.remark(com.manji.orService.vo.JsonVo,org.springframework.validation.BindingResult)
2017-09-20 17:10:21.310 [main] INFO  o.s.w.s.m.m.a.RequestMappingHandlerMapping - Mapped "{[/sheet/rejectSheet]}" onto public java.lang.Object com.manji.orService.controller.SheetController.rejectSheet(com.manji.orService.vo.JsonVo,org.springframework.validation.BindingResult)
2017-09-20 17:10:21.310 [main] INFO  o.s.w.s.m.m.a.RequestMappingHandlerMapping - Mapped "{[/sheet/countSheet]}" onto public java.lang.Object com.manji.orService.controller.SheetController.countSheet(com.manji.orService.vo.SheetDetailVo)
2017-09-20 17:10:21.314 [main] INFO  o.s.w.s.m.m.a.RequestMappingHandlerMapping - Mapped "{[/sheet/saveAssign]}" onto public java.lang.Object com.manji.orService.controller.SheetController.saveAssign(com.manji.orService.vo.JsonVo,org.springframework.validation.BindingResult)
2017-09-20 17:10:21.315 [main] INFO  o.s.w.s.m.m.a.RequestMappingHandlerMapping - Mapped "{[/sheet/recovery]}" onto public java.lang.Object com.manji.orService.controller.SheetController.recovery(com.manji.orService.vo.JsonVo,org.springframework.validation.BindingResult)
2017-09-20 17:10:21.316 [main] INFO  o.s.w.s.m.m.a.RequestMappingHandlerMapping - Mapped "{[/sheet/journalRecord]}" onto public java.lang.Object com.manji.orService.controller.SheetController.journalRecord(com.manji.orService.vo.SheetDetailVo,org.springframework.validation.BindingResult)
2017-09-20 17:10:21.316 [main] INFO  o.s.w.s.m.m.a.RequestMappingHandlerMapping - Mapped "{[/sheet/clearInformations]}" onto public java.lang.Object com.manji.orService.controller.SheetController.clearInformations(com.manji.orService.vo.UserVo,org.springframework.validation.BindingResult)
2017-09-20 17:10:21.316 [main] INFO  o.s.w.s.m.m.a.RequestMappingHandlerMapping - Mapped "{[/sheet/selectSheetDetails]}" onto public java.lang.Object com.manji.orService.controller.SheetController.selectSheetDetails(com.manji.orService.vo.SheetDetailVo,org.springframework.validation.BindingResult)
2017-09-20 17:10:21.319 [main] INFO  o.s.w.s.m.m.a.RequestMappingHandlerMapping - Mapped "{[/error]}" onto public org.springframework.http.ResponseEntity<java.util.Map<java.lang.String, java.lang.Object>> org.springframework.boot.autoconfigure.web.BasicErrorController.error(javax.servlet.http.HttpServletRequest)
2017-09-20 17:10:21.320 [main] INFO  o.s.w.s.m.m.a.RequestMappingHandlerMapping - Mapped "{[/error],produces=[text/html]}" onto public org.springframework.web.servlet.ModelAndView org.springframework.boot.autoconfigure.web.BasicErrorController.errorHtml(javax.servlet.http.HttpServletRequest,javax.servlet.http.HttpServletResponse)
2017-09-20 17:10:21.372 [main] INFO  o.s.web.servlet.handler.SimpleUrlHandlerMapping - Mapped URL path [/webjars/**] onto handler of type [class org.springframework.web.servlet.resource.ResourceHttpRequestHandler]
2017-09-20 17:10:21.372 [main] INFO  o.s.web.servlet.handler.SimpleUrlHandlerMapping - Mapped URL path [/**] onto handler of type [class org.springframework.web.servlet.resource.ResourceHttpRequestHandler]
2017-09-20 17:10:21.428 [main] INFO  o.s.web.servlet.handler.SimpleUrlHandlerMapping - Mapped URL path [/**/favicon.ico] onto handler of type [class org.springframework.web.servlet.resource.ResourceHttpRequestHandler]
2017-09-20 17:10:21.921 [main] INFO  o.s.jmx.export.annotation.AnnotationMBeanExporter - Registering beans for JMX exposure on startup
2017-09-20 17:10:21.940 [main] INFO  org.apache.coyote.http11.Http11NioProtocol - Initializing ProtocolHandler ["http-nio-8080"]
2017-09-20 17:10:21.953 [main] INFO  org.apache.coyote.http11.Http11NioProtocol - Starting ProtocolHandler ["http-nio-8080"]
2017-09-20 17:10:21.974 [main] INFO  org.apache.tomcat.util.net.NioSelectorPool - Using a shared selector for servlet write/read
2017-09-20 17:10:21.999 [main] INFO  o.s.b.c.e.tomcat.TomcatEmbeddedServletContainer - Tomcat started on port(s): 8080 (http)
2017-09-20 17:10:22.008 [main] INFO  com.manji.orService.OrServiceApplication - Started OrServiceApplication in 5.665 seconds (JVM running for 6.279)
