2017-09-28 10:51:53.607  INFO [ackservice,,,] 5924 --- [main] com.ackservice.AckserviceApplication     : No active profile set, falling back to default profiles: default
2017-09-28 10:51:53.625  INFO [ackservice,,,] 5924 --- [main] ationConfigEmbeddedWebApplicationContext : Refreshing org.springframework.boot.context.embedded.AnnotationConfigEmbeddedWebApplicationContext@d43929: startup date [Thu Sep 28 10:51:53 CST 2017]; parent: org.springframework.context.annotation.AnnotationConfigApplicationContext@e7619d
2017-09-28 10:51:54.920  WARN [ackservice,,,] 5924 --- [main] o.m.s.mapper.ClassPathMapperScanner      : No MyBatis mapper was found in '[com.juris.Mapper]' package. Please check your configuration.
2017-09-28 10:51:54.922  WARN [ackservice,,,] 5924 --- [main] o.s.c.a.ConfigurationClassPostProcessor  : Cannot enhance @Configuration bean definition 'myBatisMapperScannerConfig' since its singleton instance has been created too early. The typical cause is a non-static @Bean method with a BeanDefinitionRegistryPostProcessor return type: Consider declaring such methods as 'static'.
2017-09-28 10:51:55.109  INFO [ackservice,,,] 5924 --- [main] o.s.cloud.context.scope.GenericScope     : BeanFactory id=e02f3c1f-bf43-393a-b2c2-d23c06e143f2
2017-09-28 10:51:55.151  INFO [ackservice,,,] 5924 --- [main] f.a.AutowiredAnnotationBeanPostProcessor : JSR-330 'javax.inject.Inject' annotation found and supported for autowiring
2017-09-28 10:51:55.281  INFO [ackservice,,,] 5924 --- [main] trationDelegate$BeanPostProcessorChecker : Bean 'org.springframework.cloud.sleuth.instrument.async.AsyncDefaultAutoConfiguration$DefaultAsyncConfigurerSupport' of type [org.springframework.cloud.sleuth.instrument.async.AsyncDefaultAutoConfiguration$DefaultAsyncConfigurerSupport$$EnhancerBySpringCGLIB$$2aeeb539] is not eligible for getting processed by all BeanPostProcessors (for example: not eligible for auto-proxying)
2017-09-28 10:51:55.383  INFO [ackservice,,,] 5924 --- [main] trationDelegate$BeanPostProcessorChecker : Bean 'org.springframework.cloud.sleuth.annotation.SleuthAnnotationAutoConfiguration' of type [org.springframework.cloud.sleuth.annotation.SleuthAnnotationAutoConfiguration$$EnhancerBySpringCGLIB$$f0125da8] is not eligible for getting processed by all BeanPostProcessors (for example: not eligible for auto-proxying)
2017-09-28 10:51:55.598  INFO [ackservice,,,] 5924 --- [main] trationDelegate$BeanPostProcessorChecker : Bean 'sleuthAdvisorConfig' of type [org.springframework.cloud.sleuth.annotation.SleuthAdvisorConfig] is not eligible for getting processed by all BeanPostProcessors (for example: not eligible for auto-proxying)
2017-09-28 10:51:55.626  INFO [ackservice,,,] 5924 --- [main] trationDelegate$BeanPostProcessorChecker : Bean 'dataSourceConfiguration' of type [com.ackservice.Config.DataSourceConfiguration$$EnhancerBySpringCGLIB$$e29c75f5] is not eligible for getting processed by all BeanPostProcessors (for example: not eligible for auto-proxying)
2017-09-28 10:51:55.645  INFO [ackservice,,,] 5924 --- [main] trationDelegate$BeanPostProcessorChecker : Bean 'dataSource' of type [org.apache.commons.dbcp.BasicDataSource] is not eligible for getting processed by all BeanPostProcessors (for example: not eligible for auto-proxying)
2017-09-28 10:51:55.756  INFO [ackservice,,,] 5924 --- [main] trationDelegate$BeanPostProcessorChecker : Bean 'myBatisConfig' of type [com.ackservice.Config.MyBatisConfig$$EnhancerBySpringCGLIB$$607bd7f9] is not eligible for getting processed by all BeanPostProcessors (for example: not eligible for auto-proxying)
2017-09-28 10:51:55.773  INFO [ackservice,,,] 5924 --- [main] trationDelegate$BeanPostProcessorChecker : Bean 'org.springframework.transaction.annotation.ProxyTransactionManagementConfiguration' of type [org.springframework.transaction.annotation.ProxyTransactionManagementConfiguration$$EnhancerBySpringCGLIB$$edad1776] is not eligible for getting processed by all BeanPostProcessors (for example: not eligible for auto-proxying)
2017-09-28 10:51:55.850  INFO [ackservice,,,] 5924 --- [main] trationDelegate$BeanPostProcessorChecker : Bean 'org.springframework.cloud.netflix.metrics.MetricsInterceptorConfiguration$MetricsRestTemplateConfiguration' of type [org.springframework.cloud.netflix.metrics.MetricsInterceptorConfiguration$MetricsRestTemplateConfiguration$$EnhancerBySpringCGLIB$$1fd9bdb7] is not eligible for getting processed by all BeanPostProcessors (for example: not eligible for auto-proxying)
2017-09-28 10:51:55.875  INFO [ackservice,,,] 5924 --- [main] trationDelegate$BeanPostProcessorChecker : Bean 'org.springframework.cloud.autoconfigure.ConfigurationPropertiesRebinderAutoConfiguration' of type [org.springframework.cloud.autoconfigure.ConfigurationPropertiesRebinderAutoConfiguration$$EnhancerBySpringCGLIB$$9c71a73] is not eligible for getting processed by all BeanPostProcessors (for example: not eligible for auto-proxying)
2017-09-28 10:51:55.899  INFO [ackservice,,,] 5924 --- [main] trationDelegate$BeanPostProcessorChecker : Bean 'org.springframework.cloud.sleuth.instrument.async.AsyncDefaultAutoConfiguration' of type [org.springframework.cloud.sleuth.instrument.async.AsyncDefaultAutoConfiguration$$EnhancerBySpringCGLIB$$d590c395] is not eligible for getting processed by all BeanPostProcessors (for example: not eligible for auto-proxying)
2017-09-28 10:51:56.679  INFO [ackservice,,,] 5924 --- [main] s.b.c.e.t.TomcatEmbeddedServletContainer : Tomcat initialized with port(s): 8083 (http)
2017-09-28 10:51:56.693  INFO [ackservice,,,] 5924 --- [main] o.apache.catalina.core.StandardService   : Starting service [Tomcat]
2017-09-28 10:51:56.694  INFO [ackservice,,,] 5924 --- [main] org.apache.catalina.core.StandardEngine  : Starting Servlet Engine: Apache Tomcat/8.5.16
2017-09-28 10:51:56.917  INFO [ackservice,,,] 5924 --- [localhost-startStop-1] o.a.c.c.C.[Tomcat].[localhost].[/]       : Initializing Spring embedded WebApplicationContext
2017-09-28 10:51:56.918  INFO [ackservice,,,] 5924 --- [localhost-startStop-1] o.s.web.context.ContextLoader            : Root WebApplicationContext: initialization completed in 3293 ms
2017-09-28 10:51:57.836  INFO [ackservice,,,] 5924 --- [localhost-startStop-1] o.s.b.w.servlet.FilterRegistrationBean   : Mapping filter: 'metricsFilter' to: [/*]
2017-09-28 10:51:57.836  INFO [ackservice,,,] 5924 --- [localhost-startStop-1] o.s.b.w.servlet.FilterRegistrationBean   : Mapping filter: 'characterEncodingFilter' to: [/*]
2017-09-28 10:51:57.837  INFO [ackservice,,,] 5924 --- [localhost-startStop-1] o.s.b.w.servlet.FilterRegistrationBean   : Mapping filter: 'traceFilter' to: [/*]
2017-09-28 10:51:57.837  INFO [ackservice,,,] 5924 --- [localhost-startStop-1] o.s.b.w.servlet.FilterRegistrationBean   : Mapping filter: 'hiddenHttpMethodFilter' to: [/*]
2017-09-28 10:51:57.837  INFO [ackservice,,,] 5924 --- [localhost-startStop-1] o.s.b.w.servlet.FilterRegistrationBean   : Mapping filter: 'httpPutFormContentFilter' to: [/*]
2017-09-28 10:51:57.837  INFO [ackservice,,,] 5924 --- [localhost-startStop-1] o.s.b.w.servlet.FilterRegistrationBean   : Mapping filter: 'requestContextFilter' to: [/*]
2017-09-28 10:51:57.837  INFO [ackservice,,,] 5924 --- [localhost-startStop-1] o.s.b.w.servlet.FilterRegistrationBean   : Mapping filter: 'webRequestLoggingFilter' to: [/*]
2017-09-28 10:51:57.837  INFO [ackservice,,,] 5924 --- [localhost-startStop-1] o.s.b.w.servlet.FilterRegistrationBean   : Mapping filter: 'applicationContextIdFilter' to: [/*]
2017-09-28 10:51:57.837  INFO [ackservice,,,] 5924 --- [localhost-startStop-1] o.s.b.w.servlet.ServletRegistrationBean  : Mapping servlet: 'dispatcherServlet' to [/]
2017-09-28 10:51:59.398  INFO [ackservice,,,] 5924 --- [main] s.w.s.m.m.a.RequestMappingHandlerMapping : Mapped "{[/info/findInformationById],methods=[GET]}" onto public com.ackservice.Dto.Information com.ackservice.Controller.InformationController.findInformationById(int)
2017-09-28 10:51:59.399  INFO [ackservice,,,] 5924 --- [main] s.w.s.m.m.a.RequestMappingHandlerMapping : Mapped "{[/info/insertInformation],methods=[GET]}" onto public boolean com.ackservice.Controller.InformationController.insertInformation(java.lang.String,java.lang.String,java.lang.String,int,int)
2017-09-28 10:51:59.400  INFO [ackservice,,,] 5924 --- [main] s.w.s.m.m.a.RequestMappingHandlerMapping : Mapped "{[/info/updateInformationState],methods=[GET]}" onto public boolean com.ackservice.Controller.InformationController.updateInformationState(int,int)
2017-09-28 10:51:59.400  INFO [ackservice,,,] 5924 --- [main] s.w.s.m.m.a.RequestMappingHandlerMapping : Mapped "{[/info/updateInformation],methods=[GET]}" onto public boolean com.ackservice.Controller.InformationController.updateInformation(int,java.lang.String,java.lang.String,java.lang.String,int,int)
2017-09-28 10:51:59.400  INFO [ackservice,,,] 5924 --- [main] s.w.s.m.m.a.RequestMappingHandlerMapping : Mapped "{[/info/deleteInformation],methods=[GET]}" onto public boolean com.ackservice.Controller.InformationController.deleteInformation(int[])
2017-09-28 10:51:59.400  INFO [ackservice,,,] 5924 --- [main] s.w.s.m.m.a.RequestMappingHandlerMapping : Mapped "{[/info/findInformationByState],methods=[GET]}" onto public com.alibaba.fastjson.JSONArray com.ackservice.Controller.InformationController.findInformationByState(int,java.lang.String)
2017-09-28 10:51:59.401  INFO [ackservice,,,] 5924 --- [main] s.w.s.m.m.a.RequestMappingHandlerMapping : Mapped "{[/info/findInformationByTrees],methods=[GET]}" onto public com.alibaba.fastjson.JSONArray com.ackservice.Controller.InformationController.findInformationByTrees(int,java.lang.String)
2017-09-28 10:51:59.401  INFO [ackservice,,,] 5924 --- [main] s.w.s.m.m.a.RequestMappingHandlerMapping : Mapped "{[/info/findInformationBytitle],methods=[GET]}" onto public com.alibaba.fastjson.JSONArray com.ackservice.Controller.InformationController.findInformationBytitle(java.lang.String,java.lang.String)
2017-09-28 10:51:59.401  INFO [ackservice,,,] 5924 --- [main] s.w.s.m.m.a.RequestMappingHandlerMapping : Mapped "{[/info/findInformationByContent],methods=[GET]}" onto public com.alibaba.fastjson.JSONArray com.ackservice.Controller.InformationController.findInformationByContent(java.lang.String,java.lang.String)
2017-09-28 10:51:59.401  INFO [ackservice,,,] 5924 --- [main] s.w.s.m.m.a.RequestMappingHandlerMapping : Mapped "{[/info/findInformationByTreeCount],methods=[GET]}" onto public int com.ackservice.Controller.InformationController.findInformationByTreeCount(int)
2017-09-28 10:51:59.401  INFO [ackservice,,,] 5924 --- [main] s.w.s.m.m.a.RequestMappingHandlerMapping : Mapped "{[/info/findInfo],methods=[GET]}" onto public com.alibaba.fastjson.JSONObject com.ackservice.Controller.InformationController.findInfo(com.ackservice.Dto.Information,java.lang.String,int,int)
2017-09-28 10:51:59.416  INFO [ackservice,,,] 5924 --- [main] s.w.s.m.m.a.RequestMappingHandlerMapping : Mapped "{[/tree/add],methods=[GET]}" onto public boolean com.ackservice.Controller.TreeController.add(int,int,java.lang.String,java.lang.String)
2017-09-28 10:51:59.416  INFO [ackservice,,,] 5924 --- [main] s.w.s.m.m.a.RequestMappingHandlerMapping : Mapped "{[/tree/delete],methods=[GET]}" onto public boolean com.ackservice.Controller.TreeController.del(int)
2017-09-28 10:51:59.416  INFO [ackservice,,,] 5924 --- [main] s.w.s.m.m.a.RequestMappingHandlerMapping : Mapped "{[/tree/isTree],methods=[GET]}" onto public boolean com.ackservice.Controller.TreeController.isTree(int,java.lang.String)
2017-09-28 10:51:59.416  INFO [ackservice,,,] 5924 --- [main] s.w.s.m.m.a.RequestMappingHandlerMapping : Mapped "{[/tree/updateTitle],methods=[GET]}" onto public boolean com.ackservice.Controller.TreeController.updateTitle(java.lang.String,int)
2017-09-28 10:51:59.416  INFO [ackservice,,,] 5924 --- [main] s.w.s.m.m.a.RequestMappingHandlerMapping : Mapped "{[/tree/findTreeByMenuId],methods=[GET]}" onto public com.alibaba.fastjson.JSONArray com.ackservice.Controller.TreeController.findTreeByMenuId(int,java.lang.String)
2017-09-28 10:51:59.417  INFO [ackservice,,,] 5924 --- [main] s.w.s.m.m.a.RequestMappingHandlerMapping : Mapped "{[/tree/findTreeSun],methods=[GET]}" onto public com.alibaba.fastjson.JSONArray com.ackservice.Controller.TreeController.findTreeSun(int,java.lang.String)
2017-09-28 10:51:59.417  INFO [ackservice,,,] 5924 --- [main] s.w.s.m.m.a.RequestMappingHandlerMapping : Mapped "{[/tree/findAllTree],methods=[GET]}" onto public com.alibaba.fastjson.JSONArray com.ackservice.Controller.TreeController.findAllTree(java.lang.String)
2017-09-28 10:51:59.417  INFO [ackservice,,,] 5924 --- [main] s.w.s.m.m.a.RequestMappingHandlerMapping : Mapped "{[/v2/api-docs],methods=[GET],produces=[application/json || application/hal+json]}" onto public org.springframework.http.ResponseEntity<springfox.documentation.spring.web.json.Json> springfox.documentation.swagger2.web.Swagger2Controller.getDocumentation(java.lang.String,javax.servlet.http.HttpServletRequest)
2017-09-28 10:51:59.420  INFO [ackservice,,,] 5924 --- [main] s.w.s.m.m.a.RequestMappingHandlerMapping : Mapped "{[/swagger-resources/configuration/security]}" onto org.springframework.http.ResponseEntity<springfox.documentation.swagger.web.SecurityConfiguration> springfox.documentation.swagger.web.ApiResourceController.securityConfiguration()
2017-09-28 10:51:59.420  INFO [ackservice,,,] 5924 --- [main] s.w.s.m.m.a.RequestMappingHandlerMapping : Mapped "{[/swagger-resources/configuration/ui]}" onto org.springframework.http.ResponseEntity<springfox.documentation.swagger.web.UiConfiguration> springfox.documentation.swagger.web.ApiResourceController.uiConfiguration()
2017-09-28 10:51:59.421  INFO [ackservice,,,] 5924 --- [main] s.w.s.m.m.a.RequestMappingHandlerMapping : Mapped "{[/swagger-resources]}" onto org.springframework.http.ResponseEntity<java.util.List<springfox.documentation.swagger.web.SwaggerResource>> springfox.documentation.swagger.web.ApiResourceController.swaggerResources()
2017-09-28 10:51:59.423  INFO [ackservice,,,] 5924 --- [main] s.w.s.m.m.a.RequestMappingHandlerMapping : Mapped "{[/error]}" onto public org.springframework.http.ResponseEntity<java.util.Map<java.lang.String, java.lang.Object>> org.springframework.boot.autoconfigure.web.BasicErrorController.error(javax.servlet.http.HttpServletRequest)
2017-09-28 10:51:59.424  INFO [ackservice,,,] 5924 --- [main] s.w.s.m.m.a.RequestMappingHandlerMapping : Mapped "{[/error],produces=[text/html]}" onto public org.springframework.web.servlet.ModelAndView org.springframework.boot.autoconfigure.web.BasicErrorController.errorHtml(javax.servlet.http.HttpServletRequest,javax.servlet.http.HttpServletResponse)
2017-09-28 10:52:01.021  INFO [ackservice,,,] 5924 --- [main] o.s.b.a.e.mvc.EndpointHandlerMapping     : Mapped "{[/metrics/{name:.*}],methods=[GET],produces=[application/vnd.spring-boot.actuator.v1+json || application/json]}" onto public java.lang.Object org.springframework.boot.actuate.endpoint.mvc.MetricsMvcEndpoint.value(java.lang.String)
2017-09-28 10:52:01.021  INFO [ackservice,,,] 5924 --- [main] o.s.b.a.e.mvc.EndpointHandlerMapping     : Mapped "{[/metrics || /metrics.json],methods=[GET],produces=[application/vnd.spring-boot.actuator.v1+json || application/json]}" onto public java.lang.Object org.springframework.boot.actuate.endpoint.mvc.EndpointMvcAdapter.invoke()
2017-09-28 10:52:01.022  INFO [ackservice,,,] 5924 --- [main] o.s.b.a.e.mvc.EndpointHandlerMapping     : Mapped "{[/env],methods=[POST]}" onto public java.lang.Object org.springframework.cloud.context.environment.EnvironmentManagerMvcEndpoint.value(java.util.Map<java.lang.String, java.lang.String>)
2017-09-28 10:52:01.022  INFO [ackservice,,,] 5924 --- [main] o.s.b.a.e.mvc.EndpointHandlerMapping     : Mapped "{[/env/reset],methods=[POST]}" onto public java.util.Map<java.lang.String, java.lang.Object> org.springframework.cloud.context.environment.EnvironmentManagerMvcEndpoint.reset()
2017-09-28 10:52:01.022  INFO [ackservice,,,] 5924 --- [main] o.s.b.a.e.mvc.EndpointHandlerMapping     : Mapped "{[/service-registry/instance-status],methods=[GET]}" onto public org.springframework.http.ResponseEntity org.springframework.cloud.client.serviceregistry.endpoint.ServiceRegistryEndpoint.getStatus()
2017-09-28 10:52:01.022  INFO [ackservice,,,] 5924 --- [main] o.s.b.a.e.mvc.EndpointHandlerMapping     : Mapped "{[/service-registry/instance-status],methods=[POST]}" onto public org.springframework.http.ResponseEntity<?> org.springframework.cloud.client.serviceregistry.endpoint.ServiceRegistryEndpoint.setStatus(java.lang.String)
2017-09-28 10:52:01.023  INFO [ackservice,,,] 5924 --- [main] o.s.b.a.e.mvc.EndpointHandlerMapping     : Mapped "{[/autoconfig || /autoconfig.json],methods=[GET],produces=[application/vnd.spring-boot.actuator.v1+json || application/json]}" onto public java.lang.Object org.springframework.boot.actuate.endpoint.mvc.EndpointMvcAdapter.invoke()
2017-09-28 10:52:01.023  INFO [ackservice,,,] 5924 --- [main] o.s.b.a.e.mvc.EndpointHandlerMapping     : Mapped "{[/trace || /trace.json],methods=[GET],produces=[application/vnd.spring-boot.actuator.v1+json || application/json]}" onto public java.lang.Object org.springframework.boot.actuate.endpoint.mvc.EndpointMvcAdapter.invoke()
2017-09-28 10:52:01.024  INFO [ackservice,,,] 5924 --- [main] o.s.b.a.e.mvc.EndpointHandlerMapping     : Mapped "{[/env/{name:.*}],methods=[GET],produces=[application/vnd.spring-boot.actuator.v1+json || application/json]}" onto public java.lang.Object org.springframework.boot.actuate.endpoint.mvc.EnvironmentMvcEndpoint.value(java.lang.String)
2017-09-28 10:52:01.024  INFO [ackservice,,,] 5924 --- [main] o.s.b.a.e.mvc.EndpointHandlerMapping     : Mapped "{[/env || /env.json],methods=[GET],produces=[application/vnd.spring-boot.actuator.v1+json || application/json]}" onto public java.lang.Object org.springframework.boot.actuate.endpoint.mvc.EndpointMvcAdapter.invoke()
2017-09-28 10:52:01.025  INFO [ackservice,,,] 5924 --- [main] o.s.b.a.e.mvc.EndpointHandlerMapping     : Mapped "{[/loggers/{name:.*}],methods=[GET],produces=[application/vnd.spring-boot.actuator.v1+json || application/json]}" onto public java.lang.Object org.springframework.boot.actuate.endpoint.mvc.LoggersMvcEndpoint.get(java.lang.String)
2017-09-28 10:52:01.026  INFO [ackservice,,,] 5924 --- [main] o.s.b.a.e.mvc.EndpointHandlerMapping     : Mapped "{[/loggers/{name:.*}],methods=[POST],consumes=[application/vnd.spring-boot.actuator.v1+json || application/json],produces=[application/vnd.spring-boot.actuator.v1+json || application/json]}" onto public java.lang.Object org.springframework.boot.actuate.endpoint.mvc.LoggersMvcEndpoint.set(java.lang.String,java.util.Map<java.lang.String, java.lang.String>)
2017-09-28 10:52:01.026  INFO [ackservice,,,] 5924 --- [main] o.s.b.a.e.mvc.EndpointHandlerMapping     : Mapped "{[/loggers || /loggers.json],methods=[GET],produces=[application/vnd.spring-boot.actuator.v1+json || application/json]}" onto public java.lang.Object org.springframework.boot.actuate.endpoint.mvc.EndpointMvcAdapter.invoke()
2017-09-28 10:52:01.026  INFO [ackservice,,,] 5924 --- [main] o.s.b.a.e.mvc.EndpointHandlerMapping     : Mapped "{[/refresh || /refresh.json],methods=[POST]}" onto public java.lang.Object org.springframework.cloud.endpoint.GenericPostableMvcEndpoint.invoke()
2017-09-28 10:52:01.027  INFO [ackservice,,,] 5924 --- [main] o.s.b.a.e.mvc.EndpointHandlerMapping     : Mapped "{[/mappings || /mappings.json],methods=[GET],produces=[application/vnd.spring-boot.actuator.v1+json || application/json]}" onto public java.lang.Object org.springframework.boot.actuate.endpoint.mvc.EndpointMvcAdapter.invoke()
2017-09-28 10:52:01.027  INFO [ackservice,,,] 5924 --- [main] o.s.b.a.e.mvc.EndpointHandlerMapping     : Mapped "{[/logfile || /logfile.json],methods=[GET || HEAD]}" onto public void org.springframework.boot.actuate.endpoint.mvc.LogFileMvcEndpoint.invoke(javax.servlet.http.HttpServletRequest,javax.servlet.http.HttpServletResponse) throws javax.servlet.ServletException,java.io.IOException
2017-09-28 10:52:01.028  INFO [ackservice,,,] 5924 --- [main] o.s.b.a.e.mvc.EndpointHandlerMapping     : Mapped "{[/health || /health.json],methods=[GET],produces=[application/vnd.spring-boot.actuator.v1+json || application/json]}" onto public java.lang.Object org.springframework.boot.actuate.endpoint.mvc.HealthMvcEndpoint.invoke(javax.servlet.http.HttpServletRequest,java.security.Principal)
2017-09-28 10:52:01.029  INFO [ackservice,,,] 5924 --- [main] o.s.b.a.e.mvc.EndpointHandlerMapping     : Mapped "{[/restart || /restart.json],methods=[POST]}" onto public java.lang.Object org.springframework.cloud.context.restart.RestartMvcEndpoint.invoke()
2017-09-28 10:52:01.029  INFO [ackservice,,,] 5924 --- [main] o.s.b.a.e.mvc.EndpointHandlerMapping     : Mapped "{[/dump || /dump.json],methods=[GET],produces=[application/vnd.spring-boot.actuator.v1+json || application/json]}" onto public java.lang.Object org.springframework.boot.actuate.endpoint.mvc.EndpointMvcAdapter.invoke()
2017-09-28 10:52:01.030  INFO [ackservice,,,] 5924 --- [main] o.s.b.a.e.mvc.EndpointHandlerMapping     : Mapped "{[/archaius || /archaius.json],methods=[GET],produces=[application/vnd.spring-boot.actuator.v1+json || application/json]}" onto public java.lang.Object org.springframework.boot.actuate.endpoint.mvc.EndpointMvcAdapter.invoke()
2017-09-28 10:52:01.030  INFO [ackservice,,,] 5924 --- [main] o.s.b.a.e.mvc.EndpointHandlerMapping     : Mapped "{[/configprops || /configprops.json],methods=[GET],produces=[application/vnd.spring-boot.actuator.v1+json || application/json]}" onto public java.lang.Object org.springframework.boot.actuate.endpoint.mvc.EndpointMvcAdapter.invoke()
2017-09-28 10:52:01.031  INFO [ackservice,,,] 5924 --- [main] o.s.b.a.e.mvc.EndpointHandlerMapping     : Mapped "{[/auditevents || /auditevents.json],methods=[GET],produces=[application/vnd.spring-boot.actuator.v1+json || application/json]}" onto public org.springframework.http.ResponseEntity<?> org.springframework.boot.actuate.endpoint.mvc.AuditEventsMvcEndpoint.findByPrincipalAndAfterAndType(java.lang.String,java.util.Date,java.lang.String)
2017-09-28 10:52:01.032  INFO [ackservice,,,] 5924 --- [main] o.s.b.a.e.mvc.EndpointHandlerMapping     : Mapped "{[/heapdump || /heapdump.json],methods=[GET],produces=[application/octet-stream]}" onto public void org.springframework.boot.actuate.endpoint.mvc.HeapdumpMvcEndpoint.invoke(boolean,javax.servlet.http.HttpServletRequest,javax.servlet.http.HttpServletResponse) throws java.io.IOException,javax.servlet.ServletException
2017-09-28 10:52:01.032  INFO [ackservice,,,] 5924 --- [main] o.s.b.a.e.mvc.EndpointHandlerMapping     : Mapped "{[/pause || /pause.json],methods=[POST]}" onto public java.lang.Object org.springframework.cloud.endpoint.GenericPostableMvcEndpoint.invoke()
2017-09-28 10:52:01.033  INFO [ackservice,,,] 5924 --- [main] o.s.b.a.e.mvc.EndpointHandlerMapping     : Mapped "{[/features || /features.json],methods=[GET],produces=[application/vnd.spring-boot.actuator.v1+json || application/json]}" onto public java.lang.Object org.springframework.boot.actuate.endpoint.mvc.EndpointMvcAdapter.invoke()
2017-09-28 10:52:01.033  INFO [ackservice,,,] 5924 --- [main] o.s.b.a.e.mvc.EndpointHandlerMapping     : Mapped "{[/beans || /beans.json],methods=[GET],produces=[application/vnd.spring-boot.actuator.v1+json || application/json]}" onto public java.lang.Object org.springframework.boot.actuate.endpoint.mvc.EndpointMvcAdapter.invoke()
2017-09-28 10:52:01.033  INFO [ackservice,,,] 5924 --- [main] o.s.b.a.e.mvc.EndpointHandlerMapping     : Mapped "{[/info || /info.json],methods=[GET],produces=[application/vnd.spring-boot.actuator.v1+json || application/json]}" onto public java.lang.Object org.springframework.boot.actuate.endpoint.mvc.EndpointMvcAdapter.invoke()
2017-09-28 10:52:01.034  INFO [ackservice,,,] 5924 --- [main] o.s.b.a.e.mvc.EndpointHandlerMapping     : Mapped "{[/resume || /resume.json],methods=[POST]}" onto public java.lang.Object org.springframework.cloud.endpoint.GenericPostableMvcEndpoint.invoke()
2017-09-28 10:52:02.188  WARN [ackservice,,,] 5924 --- [main] c.n.c.sources.URLConfigurationSource     : No URLs will be polled as dynamic configuration sources.
2017-09-28 10:52:02.188  INFO [ackservice,,,] 5924 --- [main] c.n.c.sources.URLConfigurationSource     : To enable URLs as dynamic configuration sources, define System property archaius.configurationSource.additionalUrls or make config.properties available on classpath.
2017-09-28 10:52:02.193  WARN [ackservice,,,] 5924 --- [main] c.n.c.sources.URLConfigurationSource     : No URLs will be polled as dynamic configuration sources.
2017-09-28 10:52:02.194  INFO [ackservice,,,] 5924 --- [main] c.n.c.sources.URLConfigurationSource     : To enable URLs as dynamic configuration sources, define System property archaius.configurationSource.additionalUrls or make config.properties available on classpath.
2017-09-28 10:52:02.548  INFO [ackservice,,,] 5924 --- [main] s.w.s.m.m.a.RequestMappingHandlerAdapter : Looking for @ControllerAdvice: org.springframework.boot.context.embedded.AnnotationConfigEmbeddedWebApplicationContext@d43929: startup date [Thu Sep 28 10:51:53 CST 2017]; parent: org.springframework.context.annotation.AnnotationConfigApplicationContext@e7619d
2017-09-28 10:52:02.850  INFO [ackservice,,,] 5924 --- [main] o.s.w.s.handler.SimpleUrlHandlerMapping  : Mapped URL path [/webjars/**] onto handler of type [class org.springframework.web.servlet.resource.ResourceHttpRequestHandler]
2017-09-28 10:52:02.850  INFO [ackservice,,,] 5924 --- [main] o.s.w.s.handler.SimpleUrlHandlerMapping  : Mapped URL path [/**] onto handler of type [class org.springframework.web.servlet.resource.ResourceHttpRequestHandler]
2017-09-28 10:52:02.974  INFO [ackservice,,,] 5924 --- [main] o.s.w.s.handler.SimpleUrlHandlerMapping  : Mapped URL path [/**/favicon.ico] onto handler of type [class org.springframework.web.servlet.resource.ResourceHttpRequestHandler]
2017-09-28 10:52:04.870  INFO [ackservice,,,] 5924 --- [main] o.s.s.c.ThreadPoolTaskScheduler          : Initializing ExecutorService 
2017-09-28 10:52:05.145  INFO [ackservice,,,] 5924 --- [main] o.s.j.e.a.AnnotationMBeanExporter        : Registering beans for JMX exposure on startup
2017-09-28 10:52:05.167  INFO [ackservice,,,] 5924 --- [main] o.s.j.e.a.AnnotationMBeanExporter        : Bean with name 'environmentManager' has been autodetected for JMX exposure
2017-09-28 10:52:05.171  INFO [ackservice,,,] 5924 --- [main] o.s.j.e.a.AnnotationMBeanExporter        : Bean with name 'configurationPropertiesRebinder' has been autodetected for JMX exposure
2017-09-28 10:52:05.171  INFO [ackservice,,,] 5924 --- [main] o.s.j.e.a.AnnotationMBeanExporter        : Bean with name 'refreshEndpoint' has been autodetected for JMX exposure
2017-09-28 10:52:05.171  INFO [ackservice,,,] 5924 --- [main] o.s.j.e.a.AnnotationMBeanExporter        : Bean with name 'restartEndpoint' has been autodetected for JMX exposure
2017-09-28 10:52:05.172  INFO [ackservice,,,] 5924 --- [main] o.s.j.e.a.AnnotationMBeanExporter        : Bean with name 'serviceRegistryEndpoint' has been autodetected for JMX exposure
2017-09-28 10:52:05.173  INFO [ackservice,,,] 5924 --- [main] o.s.j.e.a.AnnotationMBeanExporter        : Bean with name 'refreshScope' has been autodetected for JMX exposure
2017-09-28 10:52:05.176  INFO [ackservice,,,] 5924 --- [main] o.s.j.e.a.AnnotationMBeanExporter        : Located managed bean 'environmentManager': registering with JMX server as MBean [org.springframework.cloud.context.environment:name=environmentManager,type=EnvironmentManager]
2017-09-28 10:52:05.187  INFO [ackservice,,,] 5924 --- [main] o.s.j.e.a.AnnotationMBeanExporter        : Located managed bean 'restartEndpoint': registering with JMX server as MBean [org.springframework.cloud.context.restart:name=restartEndpoint,type=RestartEndpoint]
2017-09-28 10:52:05.196  INFO [ackservice,,,] 5924 --- [main] o.s.j.e.a.AnnotationMBeanExporter        : Located managed bean 'serviceRegistryEndpoint': registering with JMX server as MBean [org.springframework.cloud.client.serviceregistry.endpoint:name=serviceRegistryEndpoint,type=ServiceRegistryEndpoint]
2017-09-28 10:52:05.202  INFO [ackservice,,,] 5924 --- [main] o.s.j.e.a.AnnotationMBeanExporter        : Located managed bean 'refreshScope': registering with JMX server as MBean [org.springframework.cloud.context.scope.refresh:name=refreshScope,type=RefreshScope]
2017-09-28 10:52:05.212  INFO [ackservice,,,] 5924 --- [main] o.s.j.e.a.AnnotationMBeanExporter        : Located managed bean 'configurationPropertiesRebinder': registering with JMX server as MBean [org.springframework.cloud.context.properties:name=configurationPropertiesRebinder,context=d43929,type=ConfigurationPropertiesRebinder]
2017-09-28 10:52:05.217  INFO [ackservice,,,] 5924 --- [main] o.s.j.e.a.AnnotationMBeanExporter        : Located managed bean 'refreshEndpoint': registering with JMX server as MBean [org.springframework.cloud.endpoint:name=refreshEndpoint,type=RefreshEndpoint]
2017-09-28 10:52:05.446  INFO [ackservice,,,] 5924 --- [main] o.s.c.support.DefaultLifecycleProcessor  : Starting beans in phase 0
2017-09-28 10:52:05.457  INFO [ackservice,,,] 5924 --- [main] o.s.c.n.eureka.InstanceInfoFactory       : Setting initial instance status as: STARTING
2017-09-28 10:52:05.502  INFO [ackservice,,,] 5924 --- [main] com.netflix.discovery.DiscoveryClient    : Initializing Eureka in region us-east-1
2017-09-28 10:52:05.785  INFO [ackservice,,,] 5924 --- [main] c.n.d.provider.DiscoveryJerseyProvider   : Using JSON encoding codec LegacyJacksonJson
2017-09-28 10:52:05.785  INFO [ackservice,,,] 5924 --- [main] c.n.d.provider.DiscoveryJerseyProvider   : Using JSON decoding codec LegacyJacksonJson
2017-09-28 10:52:05.893  INFO [ackservice,,,] 5924 --- [main] c.n.d.provider.DiscoveryJerseyProvider   : Using XML encoding codec XStreamXml
2017-09-28 10:52:05.893  INFO [ackservice,,,] 5924 --- [main] c.n.d.provider.DiscoveryJerseyProvider   : Using XML decoding codec XStreamXml
2017-09-28 10:52:06.131  INFO [ackservice,,,] 5924 --- [main] c.n.d.s.r.aws.ConfigClusterResolver      : Resolving eureka endpoints via configuration
2017-09-28 10:52:06.204  INFO [ackservice,,,] 5924 --- [main] com.netflix.discovery.DiscoveryClient    : Disable delta property : false
2017-09-28 10:52:06.204  INFO [ackservice,,,] 5924 --- [main] com.netflix.discovery.DiscoveryClient    : Single vip registry refresh property : null
2017-09-28 10:52:06.204  INFO [ackservice,,,] 5924 --- [main] com.netflix.discovery.DiscoveryClient    : Force full registry fetch : false
2017-09-28 10:52:06.204  INFO [ackservice,,,] 5924 --- [main] com.netflix.discovery.DiscoveryClient    : Application is null : false
2017-09-28 10:52:06.204  INFO [ackservice,,,] 5924 --- [main] com.netflix.discovery.DiscoveryClient    : Registered Applications size is zero : true
2017-09-28 10:52:06.205  INFO [ackservice,,,] 5924 --- [main] com.netflix.discovery.DiscoveryClient    : Application version is -1: true
2017-09-28 10:52:06.205  INFO [ackservice,,,] 5924 --- [main] com.netflix.discovery.DiscoveryClient    : Getting all instance registry info from the eureka server
2017-09-28 10:52:06.391  INFO [ackservice,,,] 5924 --- [main] com.netflix.discovery.DiscoveryClient    : The response status is 200
2017-09-28 10:52:06.393  INFO [ackservice,,,] 5924 --- [main] com.netflix.discovery.DiscoveryClient    : Starting heartbeat executor: renew interval is: 10
2017-09-28 10:52:06.396  INFO [ackservice,,,] 5924 --- [main] c.n.discovery.InstanceInfoReplicator     : InstanceInfoReplicator onDemand update allowed rate per min is 4
2017-09-28 10:52:06.398  INFO [ackservice,,,] 5924 --- [main] com.netflix.discovery.DiscoveryClient    : Discovery Client initialized at timestamp 1506567126398 with initial instances count: 6
2017-09-28 10:52:06.552  INFO [ackservice,,,] 5924 --- [main] o.s.c.n.e.s.EurekaServiceRegistry        : Registering application ackservice with eureka with status UP
2017-09-28 10:52:06.553  INFO [ackservice,,,] 5924 --- [main] com.netflix.discovery.DiscoveryClient    : Saw local status change event StatusChangeEvent [timestamp=1506567126553, current=UP, previous=STARTING]
2017-09-28 10:52:06.555  INFO [ackservice,,,] 5924 --- [DiscoveryClient-InstanceInfoReplicator-0] com.netflix.discovery.DiscoveryClient    : DiscoveryClient_ACKSERVICE/192.168.0.84:8083: registering service...
2017-09-28 10:52:06.601  INFO [ackservice,,,] 5924 --- [DiscoveryClient-InstanceInfoReplicator-0] com.netflix.discovery.DiscoveryClient    : DiscoveryClient_ACKSERVICE/192.168.0.84:8083 - registration status: 204
2017-09-28 10:52:06.621  INFO [ackservice,,,] 5924 --- [main] o.s.c.support.DefaultLifecycleProcessor  : Starting beans in phase 2147483647
2017-09-28 10:52:06.621  INFO [ackservice,,,] 5924 --- [main] d.s.w.p.DocumentationPluginsBootstrapper : Context refreshed
2017-09-28 10:52:06.638  INFO [ackservice,,,] 5924 --- [main] d.s.w.p.DocumentationPluginsBootstrapper : Found 1 custom documentation plugin(s)
2017-09-28 10:52:06.658  INFO [ackservice,,,] 5924 --- [main] s.d.s.w.s.ApiListingReferenceScanner     : Scanning for api listing references
2017-09-28 10:52:06.934  INFO [ackservice,,,] 5924 --- [main] s.b.c.e.t.TomcatEmbeddedServletContainer : Tomcat started on port(s): 8083 (http)
2017-09-28 10:52:06.935  INFO [ackservice,,,] 5924 --- [main] .s.c.n.e.s.EurekaAutoServiceRegistration : Updating port to 8083
2017-09-28 10:52:06.939  INFO [ackservice,,,] 5924 --- [main] com.ackservice.AckserviceApplication     : Started AckserviceApplication in 14.53 seconds (JVM running for 14.957)
