2017-09-28 10:49:58.168  INFO [uservice,,,] 7780 --- [main] com.UserviceApplication                  : No active profile set, falling back to default profiles: default
2017-09-28 10:49:58.185  INFO [uservice,,,] 7780 --- [main] ationConfigEmbeddedWebApplicationContext : Refreshing org.springframework.boot.context.embedded.AnnotationConfigEmbeddedWebApplicationContext@159970a: startup date [Thu Sep 28 10:49:58 CST 2017]; parent: org.springframework.context.annotation.AnnotationConfigApplicationContext@57ae10
2017-09-28 10:50:03.709  INFO [uservice,,,] 7780 --- [main] .s.d.r.c.RepositoryConfigurationDelegate : Multiple Spring Data modules found, entering strict repository configuration mode!
2017-09-28 10:50:07.081  WARN [uservice,,,] 7780 --- [main] o.m.s.mapper.ClassPathMapperScanner      : No MyBatis mapper was found in '[com.juris.Mapper]' package. Please check your configuration.
2017-09-28 10:50:07.084  WARN [uservice,,,] 7780 --- [main] o.s.c.a.ConfigurationClassPostProcessor  : Cannot enhance @Configuration bean definition 'myBatisMapperScannerConfig' since its singleton instance has been created too early. The typical cause is a non-static @Bean method with a BeanDefinitionRegistryPostProcessor return type: Consider declaring such methods as 'static'.
2017-09-28 10:50:07.278  INFO [uservice,,,] 7780 --- [main] o.s.cloud.context.scope.GenericScope     : BeanFactory id=5a842867-107f-36d7-b6d8-148fc9d63ef3
2017-09-28 10:50:09.031  INFO [uservice,,,] 7780 --- [main] f.a.AutowiredAnnotationBeanPostProcessor : JSR-330 'javax.inject.Inject' annotation found and supported for autowiring
2017-09-28 10:50:09.141  INFO [uservice,,,] 7780 --- [main] trationDelegate$BeanPostProcessorChecker : Bean 'org.springframework.cloud.sleuth.instrument.async.AsyncDefaultAutoConfiguration$DefaultAsyncConfigurerSupport' of type [org.springframework.cloud.sleuth.instrument.async.AsyncDefaultAutoConfiguration$DefaultAsyncConfigurerSupport$$EnhancerBySpringCGLIB$$e77c7254] is not eligible for getting processed by all BeanPostProcessors (for example: not eligible for auto-proxying)
2017-09-28 10:50:09.227  INFO [uservice,,,] 7780 --- [main] trationDelegate$BeanPostProcessorChecker : Bean 'org.springframework.cloud.sleuth.annotation.SleuthAnnotationAutoConfiguration' of type [org.springframework.cloud.sleuth.annotation.SleuthAnnotationAutoConfiguration$$EnhancerBySpringCGLIB$$aca01ac3] is not eligible for getting processed by all BeanPostProcessors (for example: not eligible for auto-proxying)
2017-09-28 10:50:09.437  INFO [uservice,,,] 7780 --- [main] trationDelegate$BeanPostProcessorChecker : Bean 'sleuthAdvisorConfig' of type [org.springframework.cloud.sleuth.annotation.SleuthAdvisorConfig] is not eligible for getting processed by all BeanPostProcessors (for example: not eligible for auto-proxying)
2017-09-28 10:50:09.447  INFO [uservice,,,] 7780 --- [main] trationDelegate$BeanPostProcessorChecker : Bean 'redisConfig' of type [com.uservice.Config.RedisConfig$$EnhancerBySpringCGLIB$$5f679148] is not eligible for getting processed by all BeanPostProcessors (for example: not eligible for auto-proxying)
2017-09-28 10:50:09.472  INFO [uservice,,,] 7780 --- [main] trationDelegate$BeanPostProcessorChecker : Bean 'keyGenerator' of type [com.uservice.Config.RedisConfig$1] is not eligible for getting processed by all BeanPostProcessors (for example: not eligible for auto-proxying)
2017-09-28 10:50:09.475  INFO [uservice,,,] 7780 --- [main] trationDelegate$BeanPostProcessorChecker : Bean 'org.springframework.cache.annotation.ProxyCachingConfiguration' of type [org.springframework.cache.annotation.ProxyCachingConfiguration$$EnhancerBySpringCGLIB$$f34d0aaf] is not eligible for getting processed by all BeanPostProcessors (for example: not eligible for auto-proxying)
2017-09-28 10:50:09.546  INFO [uservice,,,] 7780 --- [main] trationDelegate$BeanPostProcessorChecker : Bean 'dataSourceConfiguration' of type [com.uservice.Config.DataSourceConfiguration$$EnhancerBySpringCGLIB$$36cebc3c] is not eligible for getting processed by all BeanPostProcessors (for example: not eligible for auto-proxying)
2017-09-28 10:50:09.563  INFO [uservice,,,] 7780 --- [main] trationDelegate$BeanPostProcessorChecker : Bean 'dataSource' of type [org.apache.commons.dbcp.BasicDataSource] is not eligible for getting processed by all BeanPostProcessors (for example: not eligible for auto-proxying)
2017-09-28 10:50:09.621  INFO [uservice,,,] 7780 --- [main] trationDelegate$BeanPostProcessorChecker : Bean 'myBatisConfig' of type [com.uservice.Config.MyBatisConfig$$EnhancerBySpringCGLIB$$a7636540] is not eligible for getting processed by all BeanPostProcessors (for example: not eligible for auto-proxying)
2017-09-28 10:50:09.642  INFO [uservice,,,] 7780 --- [main] trationDelegate$BeanPostProcessorChecker : Bean 'org.springframework.transaction.annotation.ProxyTransactionManagementConfiguration' of type [org.springframework.transaction.annotation.ProxyTransactionManagementConfiguration$$EnhancerBySpringCGLIB$$aa3ad491] is not eligible for getting processed by all BeanPostProcessors (for example: not eligible for auto-proxying)
2017-09-28 10:50:09.713  INFO [uservice,,,] 7780 --- [main] trationDelegate$BeanPostProcessorChecker : Bean 'org.springframework.cloud.netflix.metrics.MetricsInterceptorConfiguration$MetricsRestTemplateConfiguration' of type [org.springframework.cloud.netflix.metrics.MetricsInterceptorConfiguration$MetricsRestTemplateConfiguration$$EnhancerBySpringCGLIB$$dc677ad2] is not eligible for getting processed by all BeanPostProcessors (for example: not eligible for auto-proxying)
2017-09-28 10:50:09.736  INFO [uservice,,,] 7780 --- [main] trationDelegate$BeanPostProcessorChecker : Bean 'org.springframework.cloud.autoconfigure.ConfigurationPropertiesRebinderAutoConfiguration' of type [org.springframework.cloud.autoconfigure.ConfigurationPropertiesRebinderAutoConfiguration$$EnhancerBySpringCGLIB$$c654d78e] is not eligible for getting processed by all BeanPostProcessors (for example: not eligible for auto-proxying)
2017-09-28 10:50:09.765  INFO [uservice,,,] 7780 --- [main] trationDelegate$BeanPostProcessorChecker : Bean 'org.springframework.cloud.sleuth.instrument.async.AsyncDefaultAutoConfiguration' of type [org.springframework.cloud.sleuth.instrument.async.AsyncDefaultAutoConfiguration$$EnhancerBySpringCGLIB$$921e80b0] is not eligible for getting processed by all BeanPostProcessors (for example: not eligible for auto-proxying)
2017-09-28 10:50:10.472  INFO [uservice,,,] 7780 --- [main] s.b.c.e.t.TomcatEmbeddedServletContainer : Tomcat initialized with port(s): 8085 (http)
2017-09-28 10:50:10.482  INFO [uservice,,,] 7780 --- [main] o.apache.catalina.core.StandardService   : Starting service [Tomcat]
2017-09-28 10:50:10.482  INFO [uservice,,,] 7780 --- [main] org.apache.catalina.core.StandardEngine  : Starting Servlet Engine: Apache Tomcat/8.5.16
2017-09-28 10:50:10.623  INFO [uservice,,,] 7780 --- [localhost-startStop-1] o.a.c.c.C.[Tomcat].[localhost].[/]       : Initializing Spring embedded WebApplicationContext
2017-09-28 10:50:10.623  INFO [uservice,,,] 7780 --- [localhost-startStop-1] o.s.web.context.ContextLoader            : Root WebApplicationContext: initialization completed in 12438 ms
2017-09-28 10:50:11.485  INFO [uservice,,,] 7780 --- [localhost-startStop-1] o.s.b.w.servlet.FilterRegistrationBean   : Mapping filter: 'metricsFilter' to: [/*]
2017-09-28 10:50:11.487  INFO [uservice,,,] 7780 --- [localhost-startStop-1] o.s.b.w.servlet.FilterRegistrationBean   : Mapping filter: 'characterEncodingFilter' to: [/*]
2017-09-28 10:50:11.488  INFO [uservice,,,] 7780 --- [localhost-startStop-1] o.s.b.w.servlet.FilterRegistrationBean   : Mapping filter: 'traceFilter' to: [/*]
2017-09-28 10:50:11.488  INFO [uservice,,,] 7780 --- [localhost-startStop-1] o.s.b.w.servlet.FilterRegistrationBean   : Mapping filter: 'hiddenHttpMethodFilter' to: [/*]
2017-09-28 10:50:11.488  INFO [uservice,,,] 7780 --- [localhost-startStop-1] o.s.b.w.servlet.FilterRegistrationBean   : Mapping filter: 'httpPutFormContentFilter' to: [/*]
2017-09-28 10:50:11.488  INFO [uservice,,,] 7780 --- [localhost-startStop-1] o.s.b.w.servlet.FilterRegistrationBean   : Mapping filter: 'requestContextFilter' to: [/*]
2017-09-28 10:50:11.488  INFO [uservice,,,] 7780 --- [localhost-startStop-1] o.s.b.w.servlet.FilterRegistrationBean   : Mapping filter: 'webRequestLoggingFilter' to: [/*]
2017-09-28 10:50:11.488  INFO [uservice,,,] 7780 --- [localhost-startStop-1] o.s.b.w.servlet.FilterRegistrationBean   : Mapping filter: 'applicationContextIdFilter' to: [/*]
2017-09-28 10:50:11.488  INFO [uservice,,,] 7780 --- [localhost-startStop-1] o.s.b.w.servlet.ServletRegistrationBean  : Mapping servlet: 'dispatcherServlet' to [/]
2017-09-28 10:50:13.597  INFO [uservice,,,] 7780 --- [main] s.w.s.m.m.a.RequestMappingHandlerMapping : Mapped "{[/dept/findDeptNameByUserId],methods=[GET]}" onto com.alibaba.fastjson.JSONArray com.uservice.Controller.DepartmentController.findDeptNameByUserId(int)
2017-09-28 10:50:13.598  INFO [uservice,,,] 7780 --- [main] s.w.s.m.m.a.RequestMappingHandlerMapping : Mapped "{[/dept/insertDept],methods=[GET]}" onto boolean com.uservice.Controller.DepartmentController.insertDept(java.lang.String)
2017-09-28 10:50:13.599  INFO [uservice,,,] 7780 --- [main] s.w.s.m.m.a.RequestMappingHandlerMapping : Mapped "{[/dept/findAllDept],methods=[GET]}" onto java.util.List<com.uservice.Dto.Department> com.uservice.Controller.DepartmentController.findAllDept()
2017-09-28 10:50:13.599  INFO [uservice,,,] 7780 --- [main] s.w.s.m.m.a.RequestMappingHandlerMapping : Mapped "{[/dept/findUserByDeptId],methods=[GET]}" onto com.github.pagehelper.PageInfo<com.uservice.Dto.User> com.uservice.Controller.DepartmentController.findUserByDeptId(int,int,int,java.lang.String)
2017-09-28 10:50:13.600  INFO [uservice,,,] 7780 --- [main] s.w.s.m.m.a.RequestMappingHandlerMapping : Mapped "{[/group/insertGroup],methods=[GET]}" onto boolean com.uservice.Controller.GroupController.insertGroup(int,java.lang.String)
2017-09-28 10:50:13.601  INFO [uservice,,,] 7780 --- [main] s.w.s.m.m.a.RequestMappingHandlerMapping : Mapped "{[/group/findGroupByDeptId],methods=[GET]}" onto com.github.pagehelper.PageInfo<com.uservice.Dto.Group> com.uservice.Controller.GroupController.findGroupByDeptId(int,int,int)
2017-09-28 10:50:13.601  INFO [uservice,,,] 7780 --- [main] s.w.s.m.m.a.RequestMappingHandlerMapping : Mapped "{[/group/deleteGroup],methods=[GET]}" onto boolean com.uservice.Controller.GroupController.deleteGroup(int)
2017-09-28 10:50:13.601  INFO [uservice,,,] 7780 --- [main] s.w.s.m.m.a.RequestMappingHandlerMapping : Mapped "{[/group/bindGroupUser],methods=[GET]}" onto boolean com.uservice.Controller.GroupController.bindGroupUser(int,int)
2017-09-28 10:50:13.601  INFO [uservice,,,] 7780 --- [main] s.w.s.m.m.a.RequestMappingHandlerMapping : Mapped "{[/group/deleteGroupUser],methods=[GET]}" onto boolean com.uservice.Controller.GroupController.deleteGroupUser(int)
2017-09-28 10:50:13.602  INFO [uservice,,,] 7780 --- [main] s.w.s.m.m.a.RequestMappingHandlerMapping : Mapped "{[/menu/isMenuByUserIdAndPath],methods=[GET]}" onto public boolean com.uservice.Controller.MenuController.isMenuByUserIdAndPath(int,java.lang.String,java.lang.String)
2017-09-28 10:50:13.602  INFO [uservice,,,] 7780 --- [main] s.w.s.m.m.a.RequestMappingHandlerMapping : Mapped "{[/menu/findMenus],methods=[GET]}" onto public java.util.List<com.uservice.Dto.Menu> com.uservice.Controller.MenuController.findMenus(java.lang.String)
2017-09-28 10:50:13.602  INFO [uservice,,,] 7780 --- [main] s.w.s.m.m.a.RequestMappingHandlerMapping : Mapped "{[/menu/insertRoleMenu],methods=[GET]}" onto public boolean com.uservice.Controller.MenuController.insertRoleMenu(int,int[])
2017-09-28 10:50:13.603  INFO [uservice,,,] 7780 --- [main] s.w.s.m.m.a.RequestMappingHandlerMapping : Mapped "{[/menu/deleteRoleMenu],methods=[GET]}" onto public boolean com.uservice.Controller.MenuController.deleteRoleMenu(int,int[])
2017-09-28 10:50:13.603  INFO [uservice,,,] 7780 --- [main] s.w.s.m.m.a.RequestMappingHandlerMapping : Mapped "{[/menu/getRoleMenuCount],methods=[GET]}" onto public boolean com.uservice.Controller.MenuController.getRoleMenuCount(int,int)
2017-09-28 10:50:13.606  INFO [uservice,,,] 7780 --- [main] s.w.s.m.m.a.RequestMappingHandlerMapping : Mapped "{[/role/findRoleBydeptandnameCount],methods=[GET]}" onto int com.uservice.Controller.RoleController.findRoleBydeptandnameCount(int,java.lang.String)
2017-09-28 10:50:13.606  INFO [uservice,,,] 7780 --- [main] s.w.s.m.m.a.RequestMappingHandlerMapping : Mapped "{[/role/findRoleBydeptandname],methods=[GET]}" onto com.alibaba.fastjson.JSONObject com.uservice.Controller.RoleController.findRoleBydeptandname(int,java.lang.String)
2017-09-28 10:50:13.606  INFO [uservice,,,] 7780 --- [main] s.w.s.m.m.a.RequestMappingHandlerMapping : Mapped "{[/role/insertRole],methods=[GET]}" onto boolean com.uservice.Controller.RoleController.insertRole(int,java.lang.String)
2017-09-28 10:50:13.606  INFO [uservice,,,] 7780 --- [main] s.w.s.m.m.a.RequestMappingHandlerMapping : Mapped "{[/role/findRoleByDept],methods=[GET]}" onto com.github.pagehelper.PageInfo<com.uservice.Dto.Role> com.uservice.Controller.RoleController.findRoleByDept(int,int,int)
2017-09-28 10:50:13.607  INFO [uservice,,,] 7780 --- [main] s.w.s.m.m.a.RequestMappingHandlerMapping : Mapped "{[/role/bindRoleMenu],methods=[GET]}" onto boolean com.uservice.Controller.RoleController.bindRoleMenu(int,int)
2017-09-28 10:50:13.608  INFO [uservice,,,] 7780 --- [main] s.w.s.m.m.a.RequestMappingHandlerMapping : Mapped "{[/user/registerUser],methods=[GET]}" onto boolean com.uservice.Controller.UserController.reg(java.lang.String,java.lang.String,java.lang.String,java.lang.String,java.lang.String,java.lang.String,java.lang.String,int)
2017-09-28 10:50:13.608  INFO [uservice,,,] 7780 --- [main] s.w.s.m.m.a.RequestMappingHandlerMapping : Mapped "{[/user/updateGroupUserdft],methods=[GET]}" onto public boolean com.uservice.Controller.UserController.updateGroupUserdft(int,int)
2017-09-28 10:50:13.609  INFO [uservice,,,] 7780 --- [main] s.w.s.m.m.a.RequestMappingHandlerMapping : Mapped "{[/user/login],methods=[GET]}" onto public com.alibaba.fastjson.JSONObject com.uservice.Controller.UserController.login(java.lang.String,java.lang.String,java.lang.String,java.lang.String)
2017-09-28 10:50:13.609  INFO [uservice,,,] 7780 --- [main] s.w.s.m.m.a.RequestMappingHandlerMapping : Mapped "{[/user/logins],methods=[GET]}" onto public com.alibaba.fastjson.JSONObject com.uservice.Controller.UserController.logins(java.lang.String)
2017-09-28 10:50:13.609  INFO [uservice,,,] 7780 --- [main] s.w.s.m.m.a.RequestMappingHandlerMapping : Mapped "{[/user/getUser],methods=[GET]}" onto public com.alibaba.fastjson.JSONObject com.uservice.Controller.UserController.getUser(java.lang.String,java.lang.String)
2017-09-28 10:50:13.609  INFO [uservice,,,] 7780 --- [main] s.w.s.m.m.a.RequestMappingHandlerMapping : Mapped "{[/user/updateUsersById],methods=[GET]}" onto public boolean com.uservice.Controller.UserController.updateUsersById(int,java.lang.String,java.lang.String,java.lang.String)
2017-09-28 10:50:13.609  INFO [uservice,,,] 7780 --- [main] s.w.s.m.m.a.RequestMappingHandlerMapping : Mapped "{[/user/findUserByName],methods=[GET]}" onto public java.util.List<com.uservice.Dto.User> com.uservice.Controller.UserController.findUserByName(java.lang.String)
2017-09-28 10:50:13.610  INFO [uservice,,,] 7780 --- [main] s.w.s.m.m.a.RequestMappingHandlerMapping : Mapped "{[/user/updatePassword],methods=[GET]}" onto public boolean com.uservice.Controller.UserController.updatePassword(int,java.lang.String)
2017-09-28 10:50:13.610  INFO [uservice,,,] 7780 --- [main] s.w.s.m.m.a.RequestMappingHandlerMapping : Mapped "{[/user/deleteUsers],methods=[GET]}" onto public boolean com.uservice.Controller.UserController.deleteUsers(int)
2017-09-28 10:50:13.610  INFO [uservice,,,] 7780 --- [main] s.w.s.m.m.a.RequestMappingHandlerMapping : Mapped "{[/user/findExamineUser],methods=[GET]}" onto public java.util.List<com.uservice.Dto.User> com.uservice.Controller.UserController.findExamineUser(int,java.lang.String)
2017-09-28 10:50:13.611  INFO [uservice,,,] 7780 --- [main] s.w.s.m.m.a.RequestMappingHandlerMapping : Mapped "{[/v2/api-docs],methods=[GET],produces=[application/json || application/hal+json]}" onto public org.springframework.http.ResponseEntity<springfox.documentation.spring.web.json.Json> springfox.documentation.swagger2.web.Swagger2Controller.getDocumentation(java.lang.String,javax.servlet.http.HttpServletRequest)
2017-09-28 10:50:13.613  INFO [uservice,,,] 7780 --- [main] s.w.s.m.m.a.RequestMappingHandlerMapping : Mapped "{[/swagger-resources/configuration/security]}" onto org.springframework.http.ResponseEntity<springfox.documentation.swagger.web.SecurityConfiguration> springfox.documentation.swagger.web.ApiResourceController.securityConfiguration()
2017-09-28 10:50:13.614  INFO [uservice,,,] 7780 --- [main] s.w.s.m.m.a.RequestMappingHandlerMapping : Mapped "{[/swagger-resources/configuration/ui]}" onto org.springframework.http.ResponseEntity<springfox.documentation.swagger.web.UiConfiguration> springfox.documentation.swagger.web.ApiResourceController.uiConfiguration()
2017-09-28 10:50:13.614  INFO [uservice,,,] 7780 --- [main] s.w.s.m.m.a.RequestMappingHandlerMapping : Mapped "{[/swagger-resources]}" onto org.springframework.http.ResponseEntity<java.util.List<springfox.documentation.swagger.web.SwaggerResource>> springfox.documentation.swagger.web.ApiResourceController.swaggerResources()
2017-09-28 10:50:13.616  INFO [uservice,,,] 7780 --- [main] s.w.s.m.m.a.RequestMappingHandlerMapping : Mapped "{[/error]}" onto public org.springframework.http.ResponseEntity<java.util.Map<java.lang.String, java.lang.Object>> org.springframework.boot.autoconfigure.web.BasicErrorController.error(javax.servlet.http.HttpServletRequest)
2017-09-28 10:50:13.617  INFO [uservice,,,] 7780 --- [main] s.w.s.m.m.a.RequestMappingHandlerMapping : Mapped "{[/error],produces=[text/html]}" onto public org.springframework.web.servlet.ModelAndView org.springframework.boot.autoconfigure.web.BasicErrorController.errorHtml(javax.servlet.http.HttpServletRequest,javax.servlet.http.HttpServletResponse)
2017-09-28 10:50:15.422  INFO [uservice,,,] 7780 --- [main] o.s.b.a.e.mvc.EndpointHandlerMapping     : Mapped "{[/autoconfig || /autoconfig.json],methods=[GET],produces=[application/vnd.spring-boot.actuator.v1+json || application/json]}" onto public java.lang.Object org.springframework.boot.actuate.endpoint.mvc.EndpointMvcAdapter.invoke()
2017-09-28 10:50:15.423  INFO [uservice,,,] 7780 --- [main] o.s.b.a.e.mvc.EndpointHandlerMapping     : Mapped "{[/env/{name:.*}],methods=[GET],produces=[application/vnd.spring-boot.actuator.v1+json || application/json]}" onto public java.lang.Object org.springframework.boot.actuate.endpoint.mvc.EnvironmentMvcEndpoint.value(java.lang.String)
2017-09-28 10:50:15.423  INFO [uservice,,,] 7780 --- [main] o.s.b.a.e.mvc.EndpointHandlerMapping     : Mapped "{[/env || /env.json],methods=[GET],produces=[application/vnd.spring-boot.actuator.v1+json || application/json]}" onto public java.lang.Object org.springframework.boot.actuate.endpoint.mvc.EndpointMvcAdapter.invoke()
2017-09-28 10:50:15.424  INFO [uservice,,,] 7780 --- [main] o.s.b.a.e.mvc.EndpointHandlerMapping     : Mapped "{[/metrics/{name:.*}],methods=[GET],produces=[application/vnd.spring-boot.actuator.v1+json || application/json]}" onto public java.lang.Object org.springframework.boot.actuate.endpoint.mvc.MetricsMvcEndpoint.value(java.lang.String)
2017-09-28 10:50:15.424  INFO [uservice,,,] 7780 --- [main] o.s.b.a.e.mvc.EndpointHandlerMapping     : Mapped "{[/metrics || /metrics.json],methods=[GET],produces=[application/vnd.spring-boot.actuator.v1+json || application/json]}" onto public java.lang.Object org.springframework.boot.actuate.endpoint.mvc.EndpointMvcAdapter.invoke()
2017-09-28 10:50:15.425  INFO [uservice,,,] 7780 --- [main] o.s.b.a.e.mvc.EndpointHandlerMapping     : Mapped "{[/pause || /pause.json],methods=[POST]}" onto public java.lang.Object org.springframework.cloud.endpoint.GenericPostableMvcEndpoint.invoke()
2017-09-28 10:50:15.425  INFO [uservice,,,] 7780 --- [main] o.s.b.a.e.mvc.EndpointHandlerMapping     : Mapped "{[/trace || /trace.json],methods=[GET],produces=[application/vnd.spring-boot.actuator.v1+json || application/json]}" onto public java.lang.Object org.springframework.boot.actuate.endpoint.mvc.EndpointMvcAdapter.invoke()
2017-09-28 10:50:15.425  INFO [uservice,,,] 7780 --- [main] o.s.b.a.e.mvc.EndpointHandlerMapping     : Mapped "{[/env],methods=[POST]}" onto public java.lang.Object org.springframework.cloud.context.environment.EnvironmentManagerMvcEndpoint.value(java.util.Map<java.lang.String, java.lang.String>)
2017-09-28 10:50:15.426  INFO [uservice,,,] 7780 --- [main] o.s.b.a.e.mvc.EndpointHandlerMapping     : Mapped "{[/env/reset],methods=[POST]}" onto public java.util.Map<java.lang.String, java.lang.Object> org.springframework.cloud.context.environment.EnvironmentManagerMvcEndpoint.reset()
2017-09-28 10:50:15.426  INFO [uservice,,,] 7780 --- [main] o.s.b.a.e.mvc.EndpointHandlerMapping     : Mapped "{[/restart || /restart.json],methods=[POST]}" onto public java.lang.Object org.springframework.cloud.context.restart.RestartMvcEndpoint.invoke()
2017-09-28 10:50:15.426  INFO [uservice,,,] 7780 --- [main] o.s.b.a.e.mvc.EndpointHandlerMapping     : Mapped "{[/refresh || /refresh.json],methods=[POST]}" onto public java.lang.Object org.springframework.cloud.endpoint.GenericPostableMvcEndpoint.invoke()
2017-09-28 10:50:15.427  INFO [uservice,,,] 7780 --- [main] o.s.b.a.e.mvc.EndpointHandlerMapping     : Mapped "{[/logfile || /logfile.json],methods=[GET || HEAD]}" onto public void org.springframework.boot.actuate.endpoint.mvc.LogFileMvcEndpoint.invoke(javax.servlet.http.HttpServletRequest,javax.servlet.http.HttpServletResponse) throws javax.servlet.ServletException,java.io.IOException
2017-09-28 10:50:15.427  INFO [uservice,,,] 7780 --- [main] o.s.b.a.e.mvc.EndpointHandlerMapping     : Mapped "{[/configprops || /configprops.json],methods=[GET],produces=[application/vnd.spring-boot.actuator.v1+json || application/json]}" onto public java.lang.Object org.springframework.boot.actuate.endpoint.mvc.EndpointMvcAdapter.invoke()
2017-09-28 10:50:15.428  INFO [uservice,,,] 7780 --- [main] o.s.b.a.e.mvc.EndpointHandlerMapping     : Mapped "{[/info || /info.json],methods=[GET],produces=[application/vnd.spring-boot.actuator.v1+json || application/json]}" onto public java.lang.Object org.springframework.boot.actuate.endpoint.mvc.EndpointMvcAdapter.invoke()
2017-09-28 10:50:15.428  INFO [uservice,,,] 7780 --- [main] o.s.b.a.e.mvc.EndpointHandlerMapping     : Mapped "{[/beans || /beans.json],methods=[GET],produces=[application/vnd.spring-boot.actuator.v1+json || application/json]}" onto public java.lang.Object org.springframework.boot.actuate.endpoint.mvc.EndpointMvcAdapter.invoke()
2017-09-28 10:50:15.429  INFO [uservice,,,] 7780 --- [main] o.s.b.a.e.mvc.EndpointHandlerMapping     : Mapped "{[/health || /health.json],methods=[GET],produces=[application/vnd.spring-boot.actuator.v1+json || application/json]}" onto public java.lang.Object org.springframework.boot.actuate.endpoint.mvc.HealthMvcEndpoint.invoke(javax.servlet.http.HttpServletRequest,java.security.Principal)
2017-09-28 10:50:15.430  INFO [uservice,,,] 7780 --- [main] o.s.b.a.e.mvc.EndpointHandlerMapping     : Mapped "{[/features || /features.json],methods=[GET],produces=[application/vnd.spring-boot.actuator.v1+json || application/json]}" onto public java.lang.Object org.springframework.boot.actuate.endpoint.mvc.EndpointMvcAdapter.invoke()
2017-09-28 10:50:15.431  INFO [uservice,,,] 7780 --- [main] o.s.b.a.e.mvc.EndpointHandlerMapping     : Mapped "{[/heapdump || /heapdump.json],methods=[GET],produces=[application/octet-stream]}" onto public void org.springframework.boot.actuate.endpoint.mvc.HeapdumpMvcEndpoint.invoke(boolean,javax.servlet.http.HttpServletRequest,javax.servlet.http.HttpServletResponse) throws java.io.IOException,javax.servlet.ServletException
2017-09-28 10:50:15.431  INFO [uservice,,,] 7780 --- [main] o.s.b.a.e.mvc.EndpointHandlerMapping     : Mapped "{[/archaius || /archaius.json],methods=[GET],produces=[application/vnd.spring-boot.actuator.v1+json || application/json]}" onto public java.lang.Object org.springframework.boot.actuate.endpoint.mvc.EndpointMvcAdapter.invoke()
2017-09-28 10:50:15.431  INFO [uservice,,,] 7780 --- [main] o.s.b.a.e.mvc.EndpointHandlerMapping     : Mapped "{[/resume || /resume.json],methods=[POST]}" onto public java.lang.Object org.springframework.cloud.endpoint.GenericPostableMvcEndpoint.invoke()
2017-09-28 10:50:15.432  INFO [uservice,,,] 7780 --- [main] o.s.b.a.e.mvc.EndpointHandlerMapping     : Mapped "{[/service-registry/instance-status],methods=[GET]}" onto public org.springframework.http.ResponseEntity org.springframework.cloud.client.serviceregistry.endpoint.ServiceRegistryEndpoint.getStatus()
2017-09-28 10:50:15.432  INFO [uservice,,,] 7780 --- [main] o.s.b.a.e.mvc.EndpointHandlerMapping     : Mapped "{[/service-registry/instance-status],methods=[POST]}" onto public org.springframework.http.ResponseEntity<?> org.springframework.cloud.client.serviceregistry.endpoint.ServiceRegistryEndpoint.setStatus(java.lang.String)
2017-09-28 10:50:15.432  INFO [uservice,,,] 7780 --- [main] o.s.b.a.e.mvc.EndpointHandlerMapping     : Mapped "{[/dump || /dump.json],methods=[GET],produces=[application/vnd.spring-boot.actuator.v1+json || application/json]}" onto public java.lang.Object org.springframework.boot.actuate.endpoint.mvc.EndpointMvcAdapter.invoke()
2017-09-28 10:50:15.433  INFO [uservice,,,] 7780 --- [main] o.s.b.a.e.mvc.EndpointHandlerMapping     : Mapped "{[/auditevents || /auditevents.json],methods=[GET],produces=[application/vnd.spring-boot.actuator.v1+json || application/json]}" onto public org.springframework.http.ResponseEntity<?> org.springframework.boot.actuate.endpoint.mvc.AuditEventsMvcEndpoint.findByPrincipalAndAfterAndType(java.lang.String,java.util.Date,java.lang.String)
2017-09-28 10:50:15.433  INFO [uservice,,,] 7780 --- [main] o.s.b.a.e.mvc.EndpointHandlerMapping     : Mapped "{[/mappings || /mappings.json],methods=[GET],produces=[application/vnd.spring-boot.actuator.v1+json || application/json]}" onto public java.lang.Object org.springframework.boot.actuate.endpoint.mvc.EndpointMvcAdapter.invoke()
2017-09-28 10:50:15.435  INFO [uservice,,,] 7780 --- [main] o.s.b.a.e.mvc.EndpointHandlerMapping     : Mapped "{[/loggers/{name:.*}],methods=[GET],produces=[application/vnd.spring-boot.actuator.v1+json || application/json]}" onto public java.lang.Object org.springframework.boot.actuate.endpoint.mvc.LoggersMvcEndpoint.get(java.lang.String)
2017-09-28 10:50:15.435  INFO [uservice,,,] 7780 --- [main] o.s.b.a.e.mvc.EndpointHandlerMapping     : Mapped "{[/loggers/{name:.*}],methods=[POST],consumes=[application/vnd.spring-boot.actuator.v1+json || application/json],produces=[application/vnd.spring-boot.actuator.v1+json || application/json]}" onto public java.lang.Object org.springframework.boot.actuate.endpoint.mvc.LoggersMvcEndpoint.set(java.lang.String,java.util.Map<java.lang.String, java.lang.String>)
2017-09-28 10:50:15.435  INFO [uservice,,,] 7780 --- [main] o.s.b.a.e.mvc.EndpointHandlerMapping     : Mapped "{[/loggers || /loggers.json],methods=[GET],produces=[application/vnd.spring-boot.actuator.v1+json || application/json]}" onto public java.lang.Object org.springframework.boot.actuate.endpoint.mvc.EndpointMvcAdapter.invoke()
2017-09-28 10:50:16.662  WARN [uservice,,,] 7780 --- [main] c.n.c.sources.URLConfigurationSource     : No URLs will be polled as dynamic configuration sources.
2017-09-28 10:50:16.662  INFO [uservice,,,] 7780 --- [main] c.n.c.sources.URLConfigurationSource     : To enable URLs as dynamic configuration sources, define System property archaius.configurationSource.additionalUrls or make config.properties available on classpath.
2017-09-28 10:50:16.669  WARN [uservice,,,] 7780 --- [main] c.n.c.sources.URLConfigurationSource     : No URLs will be polled as dynamic configuration sources.
2017-09-28 10:50:16.669  INFO [uservice,,,] 7780 --- [main] c.n.c.sources.URLConfigurationSource     : To enable URLs as dynamic configuration sources, define System property archaius.configurationSource.additionalUrls or make config.properties available on classpath.
2017-09-28 10:50:17.068  INFO [uservice,,,] 7780 --- [main] s.w.s.m.m.a.RequestMappingHandlerAdapter : Looking for @ControllerAdvice: org.springframework.boot.context.embedded.AnnotationConfigEmbeddedWebApplicationContext@159970a: startup date [Thu Sep 28 10:49:58 CST 2017]; parent: org.springframework.context.annotation.AnnotationConfigApplicationContext@57ae10
2017-09-28 10:50:17.291  INFO [uservice,,,] 7780 --- [main] o.s.w.s.handler.SimpleUrlHandlerMapping  : Mapped URL path [/webjars/**] onto handler of type [class org.springframework.web.servlet.resource.ResourceHttpRequestHandler]
2017-09-28 10:50:17.292  INFO [uservice,,,] 7780 --- [main] o.s.w.s.handler.SimpleUrlHandlerMapping  : Mapped URL path [/**] onto handler of type [class org.springframework.web.servlet.resource.ResourceHttpRequestHandler]
2017-09-28 10:50:17.426  INFO [uservice,,,] 7780 --- [main] o.s.w.s.handler.SimpleUrlHandlerMapping  : Mapped URL path [/**/favicon.ico] onto handler of type [class org.springframework.web.servlet.resource.ResourceHttpRequestHandler]
2017-09-28 10:50:19.713  INFO [uservice,,,] 7780 --- [main] o.s.s.c.ThreadPoolTaskScheduler          : Initializing ExecutorService 
2017-09-28 10:50:20.003  INFO [uservice,,,] 7780 --- [main] o.s.j.e.a.AnnotationMBeanExporter        : Registering beans for JMX exposure on startup
2017-09-28 10:50:20.014  INFO [uservice,,,] 7780 --- [main] o.s.j.e.a.AnnotationMBeanExporter        : Bean with name 'environmentManager' has been autodetected for JMX exposure
2017-09-28 10:50:20.021  INFO [uservice,,,] 7780 --- [main] o.s.j.e.a.AnnotationMBeanExporter        : Bean with name 'configurationPropertiesRebinder' has been autodetected for JMX exposure
2017-09-28 10:50:20.021  INFO [uservice,,,] 7780 --- [main] o.s.j.e.a.AnnotationMBeanExporter        : Bean with name 'refreshEndpoint' has been autodetected for JMX exposure
2017-09-28 10:50:20.021  INFO [uservice,,,] 7780 --- [main] o.s.j.e.a.AnnotationMBeanExporter        : Bean with name 'restartEndpoint' has been autodetected for JMX exposure
2017-09-28 10:50:20.022  INFO [uservice,,,] 7780 --- [main] o.s.j.e.a.AnnotationMBeanExporter        : Bean with name 'serviceRegistryEndpoint' has been autodetected for JMX exposure
2017-09-28 10:50:20.023  INFO [uservice,,,] 7780 --- [main] o.s.j.e.a.AnnotationMBeanExporter        : Bean with name 'refreshScope' has been autodetected for JMX exposure
2017-09-28 10:50:20.032  INFO [uservice,,,] 7780 --- [main] o.s.j.e.a.AnnotationMBeanExporter        : Located managed bean 'environmentManager': registering with JMX server as MBean [org.springframework.cloud.context.environment:name=environmentManager,type=EnvironmentManager]
2017-09-28 10:50:20.043  INFO [uservice,,,] 7780 --- [main] o.s.j.e.a.AnnotationMBeanExporter        : Located managed bean 'restartEndpoint': registering with JMX server as MBean [org.springframework.cloud.context.restart:name=restartEndpoint,type=RestartEndpoint]
2017-09-28 10:50:20.052  INFO [uservice,,,] 7780 --- [main] o.s.j.e.a.AnnotationMBeanExporter        : Located managed bean 'serviceRegistryEndpoint': registering with JMX server as MBean [org.springframework.cloud.client.serviceregistry.endpoint:name=serviceRegistryEndpoint,type=ServiceRegistryEndpoint]
2017-09-28 10:50:20.058  INFO [uservice,,,] 7780 --- [main] o.s.j.e.a.AnnotationMBeanExporter        : Located managed bean 'refreshScope': registering with JMX server as MBean [org.springframework.cloud.context.scope.refresh:name=refreshScope,type=RefreshScope]
2017-09-28 10:50:20.069  INFO [uservice,,,] 7780 --- [main] o.s.j.e.a.AnnotationMBeanExporter        : Located managed bean 'configurationPropertiesRebinder': registering with JMX server as MBean [org.springframework.cloud.context.properties:name=configurationPropertiesRebinder,context=159970a,type=ConfigurationPropertiesRebinder]
2017-09-28 10:50:20.073  INFO [uservice,,,] 7780 --- [main] o.s.j.e.a.AnnotationMBeanExporter        : Located managed bean 'refreshEndpoint': registering with JMX server as MBean [org.springframework.cloud.endpoint:name=refreshEndpoint,type=RefreshEndpoint]
2017-09-28 10:50:20.318  INFO [uservice,,,] 7780 --- [main] o.s.c.support.DefaultLifecycleProcessor  : Starting beans in phase 0
2017-09-28 10:50:20.327  INFO [uservice,,,] 7780 --- [main] o.s.c.n.eureka.InstanceInfoFactory       : Setting initial instance status as: STARTING
2017-09-28 10:50:20.374  INFO [uservice,,,] 7780 --- [main] com.netflix.discovery.DiscoveryClient    : Initializing Eureka in region us-east-1
2017-09-28 10:50:20.658  INFO [uservice,,,] 7780 --- [main] c.n.d.provider.DiscoveryJerseyProvider   : Using JSON encoding codec LegacyJacksonJson
2017-09-28 10:50:20.659  INFO [uservice,,,] 7780 --- [main] c.n.d.provider.DiscoveryJerseyProvider   : Using JSON decoding codec LegacyJacksonJson
2017-09-28 10:50:20.789  INFO [uservice,,,] 7780 --- [main] c.n.d.provider.DiscoveryJerseyProvider   : Using XML encoding codec XStreamXml
2017-09-28 10:50:20.789  INFO [uservice,,,] 7780 --- [main] c.n.d.provider.DiscoveryJerseyProvider   : Using XML decoding codec XStreamXml
2017-09-28 10:50:21.000  INFO [uservice,,,] 7780 --- [main] c.n.d.s.r.aws.ConfigClusterResolver      : Resolving eureka endpoints via configuration
2017-09-28 10:50:21.072  INFO [uservice,,,] 7780 --- [main] com.netflix.discovery.DiscoveryClient    : Disable delta property : false
2017-09-28 10:50:21.072  INFO [uservice,,,] 7780 --- [main] com.netflix.discovery.DiscoveryClient    : Single vip registry refresh property : null
2017-09-28 10:50:21.072  INFO [uservice,,,] 7780 --- [main] com.netflix.discovery.DiscoveryClient    : Force full registry fetch : false
2017-09-28 10:50:21.072  INFO [uservice,,,] 7780 --- [main] com.netflix.discovery.DiscoveryClient    : Application is null : false
2017-09-28 10:50:21.072  INFO [uservice,,,] 7780 --- [main] com.netflix.discovery.DiscoveryClient    : Registered Applications size is zero : true
2017-09-28 10:50:21.072  INFO [uservice,,,] 7780 --- [main] com.netflix.discovery.DiscoveryClient    : Application version is -1: true
2017-09-28 10:50:21.072  INFO [uservice,,,] 7780 --- [main] com.netflix.discovery.DiscoveryClient    : Getting all instance registry info from the eureka server
2017-09-28 10:50:21.274  INFO [uservice,,,] 7780 --- [main] com.netflix.discovery.DiscoveryClient    : The response status is 200
2017-09-28 10:50:21.276  INFO [uservice,,,] 7780 --- [main] com.netflix.discovery.DiscoveryClient    : Starting heartbeat executor: renew interval is: 10
2017-09-28 10:50:21.279  INFO [uservice,,,] 7780 --- [main] c.n.discovery.InstanceInfoReplicator     : InstanceInfoReplicator onDemand update allowed rate per min is 4
2017-09-28 10:50:21.281  INFO [uservice,,,] 7780 --- [main] com.netflix.discovery.DiscoveryClient    : Discovery Client initialized at timestamp 1506567021281 with initial instances count: 6
2017-09-28 10:50:21.551  INFO [uservice,,,] 7780 --- [main] o.s.c.n.e.s.EurekaServiceRegistry        : Registering application uservice with eureka with status UP
2017-09-28 10:50:21.552  INFO [uservice,,,] 7780 --- [main] com.netflix.discovery.DiscoveryClient    : Saw local status change event StatusChangeEvent [timestamp=1506567021552, current=UP, previous=STARTING]
2017-09-28 10:50:21.553  INFO [uservice,,,] 7780 --- [DiscoveryClient-InstanceInfoReplicator-0] com.netflix.discovery.DiscoveryClient    : DiscoveryClient_USERVICE/192.168.0.84:8085: registering service...
2017-09-28 10:50:21.579  INFO [uservice,,,] 7780 --- [DiscoveryClient-InstanceInfoReplicator-0] com.netflix.discovery.DiscoveryClient    : DiscoveryClient_USERVICE/192.168.0.84:8085 - registration status: 204
2017-09-28 10:50:21.609  INFO [uservice,,,] 7780 --- [main] o.s.c.support.DefaultLifecycleProcessor  : Starting beans in phase 2147483647
2017-09-28 10:50:21.609  INFO [uservice,,,] 7780 --- [main] d.s.w.p.DocumentationPluginsBootstrapper : Context refreshed
2017-09-28 10:50:21.634  INFO [uservice,,,] 7780 --- [main] d.s.w.p.DocumentationPluginsBootstrapper : Found 1 custom documentation plugin(s)
2017-09-28 10:50:21.654  INFO [uservice,,,] 7780 --- [main] s.d.s.w.s.ApiListingReferenceScanner     : Scanning for api listing references
2017-09-28 10:50:21.987  INFO [uservice,,,] 7780 --- [main] s.b.c.e.t.TomcatEmbeddedServletContainer : Tomcat started on port(s): 8085 (http)
2017-09-28 10:50:21.988  INFO [uservice,,,] 7780 --- [main] .s.c.n.e.s.EurekaAutoServiceRegistration : Updating port to 8085
2017-09-28 10:50:21.993  INFO [uservice,,,] 7780 --- [main] com.UserviceApplication                  : Started UserviceApplication in 25.005 seconds (JVM running for 25.437)
2017-09-28 10:50:22.611  INFO [uservice,,,] 7780 --- [http-nio-8085-exec-2] o.a.c.c.C.[Tomcat].[localhost].[/]       : Initializing Spring FrameworkServlet 'dispatcherServlet'
2017-09-28 10:50:22.611  INFO [uservice,,,] 7780 --- [http-nio-8085-exec-2] o.s.web.servlet.DispatcherServlet        : FrameworkServlet 'dispatcherServlet': initialization started
2017-09-28 10:50:22.673  INFO [uservice,,,] 7780 --- [http-nio-8085-exec-2] o.s.web.servlet.DispatcherServlet        : FrameworkServlet 'dispatcherServlet': initialization completed in 62 ms
